  mesh_zgr version is v3.6
  |---------|--------------------|--------------------| 
  |    Section :                     section_GrEst    |
  |---------|--------------------|--------------------| 
  |  Leg #  |    Start point     |      End point     | 
  |---------|--------------------|--------------------| 
  |     1   |  79.50 N  -19.90 E |  79.50 N   11.20 E |
  |        F| I = 1060, J = 1115 | I = 1107, J = 1126 |
  |      mod|  79.49 N  -19.77 E |  79.46 N   11.05 E |
  |         |      LAND          |     LAND           | 
  |---------|--------------------|--------------------| 
Section :  section_GrEst BAROTROPIC TRANSPORT at time   1 =    1.593 Sv.
  mesh_zgr version is v3.6
  |---------|--------------------|--------------------| 
  |    Section :                     section_GrEst    |
  |---------|--------------------|--------------------| 
  |  Leg #  |    Start point     |      End point     | 
  |---------|--------------------|--------------------| 
  |     1   |  79.50 N  -19.90 E |  79.50 N   11.20 E |
  |        F| I = 1060, J = 1115 | I = 1107, J = 1126 |
  |      mod|  79.49 N  -19.77 E |  79.46 N   11.05 E |
  |         |      LAND          |     LAND           | 
  |---------|--------------------|--------------------| 
Section :  section_GrEst BAROTROPIC TRANSPORT at time   1 =    1.371 Sv.
  mesh_zgr version is v3.6
  |---------|--------------------|--------------------| 
  |    Section :                     section_GrEst    |
  |---------|--------------------|--------------------| 
  |  Leg #  |    Start point     |      End point     | 
  |---------|--------------------|--------------------| 
  |     1   |  79.50 N  -19.90 E |  79.50 N   11.20 E |
  |        F| I = 1060, J = 1115 | I = 1107, J = 1126 |
  |      mod|  79.49 N  -19.77 E |  79.46 N   11.05 E |
  |         |      LAND          |     LAND           | 
  |---------|--------------------|--------------------| 
Section :  section_GrEst BAROTROPIC TRANSPORT at time   1 =    1.695 Sv.
  mesh_zgr version is v3.6
  |---------|--------------------|--------------------| 
  |    Section :                     section_GrEst    |
  |---------|--------------------|--------------------| 
  |  Leg #  |    Start point     |      End point     | 
  |---------|--------------------|--------------------| 
  |     1   |  79.50 N  -19.90 E |  79.50 N   11.20 E |
  |        F| I = 1060, J = 1115 | I = 1107, J = 1126 |
  |      mod|  79.49 N  -19.77 E |  79.46 N   11.05 E |
  |         |      LAND          |     LAND           | 
  |---------|--------------------|--------------------| 
Section :  section_GrEst BAROTROPIC TRANSPORT at time   1 =    1.252 Sv.
  mesh_zgr version is v3.6
  |---------|--------------------|--------------------| 
  |    Section :                     section_GrEst    |
  |---------|--------------------|--------------------| 
  |  Leg #  |    Start point     |      End point     | 
  |---------|--------------------|--------------------| 
  |     1   |  79.50 N  -19.90 E |  79.50 N   11.20 E |
  |        F| I = 1060, J = 1115 | I = 1107, J = 1126 |
  |      mod|  79.49 N  -19.77 E |  79.46 N   11.05 E |
  |         |      LAND          |     LAND           | 
  |---------|--------------------|--------------------| 
Section :  section_GrEst BAROTROPIC TRANSPORT at time   1 =    0.476 Sv.
  mesh_zgr version is v3.6
  |---------|--------------------|--------------------| 
  |    Section :                     section_GrEst    |
  |---------|--------------------|--------------------| 
  |  Leg #  |    Start point     |      End point     | 
  |---------|--------------------|--------------------| 
  |     1   |  79.50 N  -19.90 E |  79.50 N   11.20 E |
  |        F| I = 1060, J = 1115 | I = 1107, J = 1126 |
  |      mod|  79.49 N  -19.77 E |  79.46 N   11.05 E |
  |         |      LAND          |     LAND           | 
  |---------|--------------------|--------------------| 
Section :  section_GrEst BAROTROPIC TRANSPORT at time   1 =    1.126 Sv.
  mesh_zgr version is v3.6
  |---------|--------------------|--------------------| 
  |    Section :                     section_GrEst    |
  |---------|--------------------|--------------------| 
  |  Leg #  |    Start point     |      End point     | 
  |---------|--------------------|--------------------| 
  |     1   |  79.50 N  -19.90 E |  79.50 N   11.20 E |
  |        F| I = 1060, J = 1115 | I = 1107, J = 1126 |
  |      mod|  79.49 N  -19.77 E |  79.46 N   11.05 E |
  |         |      LAND          |     LAND           | 
  |---------|--------------------|--------------------| 
Section :  section_GrEst BAROTROPIC TRANSPORT at time   1 =    0.999 Sv.
  mesh_zgr version is v3.6
  |---------|--------------------|--------------------| 
  |    Section :                     section_GrEst    |
  |---------|--------------------|--------------------| 
  |  Leg #  |    Start point     |      End point     | 
  |---------|--------------------|--------------------| 
  |     1   |  79.50 N  -19.90 E |  79.50 N   11.20 E |
  |        F| I = 1060, J = 1115 | I = 1107, J = 1126 |
  |      mod|  79.49 N  -19.77 E |  79.46 N   11.05 E |
  |         |      LAND          |     LAND           | 
  |---------|--------------------|--------------------| 
Section :  section_GrEst BAROTROPIC TRANSPORT at time   1 =    0.477 Sv.
  mesh_zgr version is v3.6
  |---------|--------------------|--------------------| 
  |    Section :                     section_GrEst    |
  |---------|--------------------|--------------------| 
  |  Leg #  |    Start point     |      End point     | 
  |---------|--------------------|--------------------| 
  |     1   |  79.50 N  -19.90 E |  79.50 N   11.20 E |
  |        F| I = 1060, J = 1115 | I = 1107, J = 1126 |
  |      mod|  79.49 N  -19.77 E |  79.46 N   11.05 E |
  |         |      LAND          |     LAND           | 
  |---------|--------------------|--------------------| 
Section :  section_GrEst BAROTROPIC TRANSPORT at time   1 =    0.913 Sv.
  mesh_zgr version is v3.6
  |---------|--------------------|--------------------| 
  |    Section :                     section_GrEst    |
  |---------|--------------------|--------------------| 
  |  Leg #  |    Start point     |      End point     | 
  |---------|--------------------|--------------------| 
  |     1   |  79.50 N  -19.90 E |  79.50 N   11.20 E |
  |        F| I = 1060, J = 1115 | I = 1107, J = 1126 |
  |      mod|  79.49 N  -19.77 E |  79.46 N   11.05 E |
  |         |      LAND          |     LAND           | 
  |---------|--------------------|--------------------| 
Section :  section_GrEst BAROTROPIC TRANSPORT at time   1 =    0.873 Sv.
  mesh_zgr version is v3.6
  |---------|--------------------|--------------------| 
  |    Section :                     section_GrEst    |
  |---------|--------------------|--------------------| 
  |  Leg #  |    Start point     |      End point     | 
  |---------|--------------------|--------------------| 
  |     1   |  79.50 N  -19.90 E |  79.50 N   11.20 E |
  |        F| I = 1060, J = 1115 | I = 1107, J = 1126 |
  |      mod|  79.49 N  -19.77 E |  79.46 N   11.05 E |
  |         |      LAND          |     LAND           | 
  |---------|--------------------|--------------------| 
Section :  section_GrEst BAROTROPIC TRANSPORT at time   1 =    1.091 Sv.
  mesh_zgr version is v3.6
  |---------|--------------------|--------------------| 
  |    Section :                     section_GrEst    |
  |---------|--------------------|--------------------| 
  |  Leg #  |    Start point     |      End point     | 
  |---------|--------------------|--------------------| 
  |     1   |  79.50 N  -19.90 E |  79.50 N   11.20 E |
  |        F| I = 1060, J = 1115 | I = 1107, J = 1126 |
  |      mod|  79.49 N  -19.77 E |  79.46 N   11.05 E |
  |         |      LAND          |     LAND           | 
  |---------|--------------------|--------------------| 
Section :  section_GrEst BAROTROPIC TRANSPORT at time   1 =    1.031 Sv.
  mesh_zgr version is v3.6
  |---------|--------------------|--------------------| 
  |    Section :                     section_GrEst    |
  |---------|--------------------|--------------------| 
  |  Leg #  |    Start point     |      End point     | 
  |---------|--------------------|--------------------| 
  |     1   |  79.50 N  -19.90 E |  79.50 N   11.20 E |
  |        F| I = 1060, J = 1115 | I = 1107, J = 1126 |
  |      mod|  79.49 N  -19.77 E |  79.46 N   11.05 E |
  |         |      LAND          |     LAND           | 
  |---------|--------------------|--------------------| 
Section :  section_GrEst BAROTROPIC TRANSPORT at time   1 =    0.932 Sv.
  mesh_zgr version is v3.6
  |---------|--------------------|--------------------| 
  |    Section :                     section_GrEst    |
  |---------|--------------------|--------------------| 
  |  Leg #  |    Start point     |      End point     | 
  |---------|--------------------|--------------------| 
  |     1   |  79.50 N  -19.90 E |  79.50 N   11.20 E |
  |        F| I = 1060, J = 1115 | I = 1107, J = 1126 |
  |      mod|  79.49 N  -19.77 E |  79.46 N   11.05 E |
  |         |      LAND          |     LAND           | 
  |---------|--------------------|--------------------| 
Section :  section_GrEst BAROTROPIC TRANSPORT at time   1 =    0.603 Sv.
  mesh_zgr version is v3.6
  |---------|--------------------|--------------------| 
  |    Section :                     section_GrEst    |
  |---------|--------------------|--------------------| 
  |  Leg #  |    Start point     |      End point     | 
  |---------|--------------------|--------------------| 
  |     1   |  79.50 N  -19.90 E |  79.50 N   11.20 E |
  |        F| I = 1060, J = 1115 | I = 1107, J = 1126 |
  |      mod|  79.49 N  -19.77 E |  79.46 N   11.05 E |
  |         |      LAND          |     LAND           | 
  |---------|--------------------|--------------------| 
Section :  section_GrEst BAROTROPIC TRANSPORT at time   1 =    0.475 Sv.
  mesh_zgr version is v3.6
  |---------|--------------------|--------------------| 
  |    Section :                     section_GrEst    |
  |---------|--------------------|--------------------| 
  |  Leg #  |    Start point     |      End point     | 
  |---------|--------------------|--------------------| 
  |     1   |  79.50 N  -19.90 E |  79.50 N   11.20 E |
  |        F| I = 1060, J = 1115 | I = 1107, J = 1126 |
  |      mod|  79.49 N  -19.77 E |  79.46 N   11.05 E |
  |         |      LAND          |     LAND           | 
  |---------|--------------------|--------------------| 
Section :  section_GrEst BAROTROPIC TRANSPORT at time   1 =    0.956 Sv.
  mesh_zgr version is v3.6
  |---------|--------------------|--------------------| 
  |    Section :                     section_GrEst    |
  |---------|--------------------|--------------------| 
  |  Leg #  |    Start point     |      End point     | 
  |---------|--------------------|--------------------| 
  |     1   |  79.50 N  -19.90 E |  79.50 N   11.20 E |
  |        F| I = 1060, J = 1115 | I = 1107, J = 1126 |
  |      mod|  79.49 N  -19.77 E |  79.46 N   11.05 E |
  |         |      LAND          |     LAND           | 
  |---------|--------------------|--------------------| 
Section :  section_GrEst BAROTROPIC TRANSPORT at time   1 =    1.003 Sv.
  mesh_zgr version is v3.6
  |---------|--------------------|--------------------| 
  |    Section :                     section_GrEst    |
  |---------|--------------------|--------------------| 
  |  Leg #  |    Start point     |      End point     | 
  |---------|--------------------|--------------------| 
  |     1   |  79.50 N  -19.90 E |  79.50 N   11.20 E |
  |        F| I = 1060, J = 1115 | I = 1107, J = 1126 |
  |      mod|  79.49 N  -19.77 E |  79.46 N   11.05 E |
  |         |      LAND          |     LAND           | 
  |---------|--------------------|--------------------| 
Section :  section_GrEst BAROTROPIC TRANSPORT at time   1 =    0.953 Sv.
  mesh_zgr version is v3.6
  |---------|--------------------|--------------------| 
  |    Section :                     section_GrEst    |
  |---------|--------------------|--------------------| 
  |  Leg #  |    Start point     |      End point     | 
  |---------|--------------------|--------------------| 
  |     1   |  79.50 N  -19.90 E |  79.50 N   11.20 E |
  |        F| I = 1060, J = 1115 | I = 1107, J = 1126 |
  |      mod|  79.49 N  -19.77 E |  79.46 N   11.05 E |
  |         |      LAND          |     LAND           | 
  |---------|--------------------|--------------------| 
Section :  section_GrEst BAROTROPIC TRANSPORT at time   1 =    1.257 Sv.
  mesh_zgr version is v3.6
  |---------|--------------------|--------------------| 
  |    Section :                     section_GrEst    |
  |---------|--------------------|--------------------| 
  |  Leg #  |    Start point     |      End point     | 
  |---------|--------------------|--------------------| 
  |     1   |  79.50 N  -19.90 E |  79.50 N   11.20 E |
  |        F| I = 1060, J = 1115 | I = 1107, J = 1126 |
  |      mod|  79.49 N  -19.77 E |  79.46 N   11.05 E |
  |         |      LAND          |     LAND           | 
  |---------|--------------------|--------------------| 
Section :  section_GrEst BAROTROPIC TRANSPORT at time   1 =    1.660 Sv.
  mesh_zgr version is v3.6
  |---------|--------------------|--------------------| 
  |    Section :                     section_GrEst    |
  |---------|--------------------|--------------------| 
  |  Leg #  |    Start point     |      End point     | 
  |---------|--------------------|--------------------| 
  |     1   |  79.50 N  -19.90 E |  79.50 N   11.20 E |
  |        F| I = 1060, J = 1115 | I = 1107, J = 1126 |
  |      mod|  79.49 N  -19.77 E |  79.46 N   11.05 E |
  |         |      LAND          |     LAND           | 
  |---------|--------------------|--------------------| 
Section :  section_GrEst BAROTROPIC TRANSPORT at time   1 =    1.372 Sv.
  mesh_zgr version is v3.6
  |---------|--------------------|--------------------| 
  |    Section :                     section_GrEst    |
  |---------|--------------------|--------------------| 
  |  Leg #  |    Start point     |      End point     | 
  |---------|--------------------|--------------------| 
  |     1   |  79.50 N  -19.90 E |  79.50 N   11.20 E |
  |        F| I = 1060, J = 1115 | I = 1107, J = 1126 |
  |      mod|  79.49 N  -19.77 E |  79.46 N   11.05 E |
  |         |      LAND          |     LAND           | 
  |---------|--------------------|--------------------| 
Section :  section_GrEst BAROTROPIC TRANSPORT at time   1 =    1.148 Sv.
  mesh_zgr version is v3.6
  |---------|--------------------|--------------------| 
  |    Section :                     section_GrEst    |
  |---------|--------------------|--------------------| 
  |  Leg #  |    Start point     |      End point     | 
  |---------|--------------------|--------------------| 
  |     1   |  79.50 N  -19.90 E |  79.50 N   11.20 E |
  |        F| I = 1060, J = 1115 | I = 1107, J = 1126 |
  |      mod|  79.49 N  -19.77 E |  79.46 N   11.05 E |
  |         |      LAND          |     LAND           | 
  |---------|--------------------|--------------------| 
Section :  section_GrEst BAROTROPIC TRANSPORT at time   1 =    0.704 Sv.
  mesh_zgr version is v3.6
  |---------|--------------------|--------------------| 
  |    Section :                     section_GrEst    |
  |---------|--------------------|--------------------| 
  |  Leg #  |    Start point     |      End point     | 
  |---------|--------------------|--------------------| 
  |     1   |  79.50 N  -19.90 E |  79.50 N   11.20 E |
  |        F| I = 1060, J = 1115 | I = 1107, J = 1126 |
  |      mod|  79.49 N  -19.77 E |  79.46 N   11.05 E |
  |         |      LAND          |     LAND           | 
  |---------|--------------------|--------------------| 
Section :  section_GrEst BAROTROPIC TRANSPORT at time   1 =    1.202 Sv.
  mesh_zgr version is v3.6
  |---------|--------------------|--------------------| 
  |    Section :                     section_GrEst    |
  |---------|--------------------|--------------------| 
  |  Leg #  |    Start point     |      End point     | 
  |---------|--------------------|--------------------| 
  |     1   |  79.50 N  -19.90 E |  79.50 N   11.20 E |
  |        F| I = 1060, J = 1115 | I = 1107, J = 1126 |
  |      mod|  79.49 N  -19.77 E |  79.46 N   11.05 E |
  |         |      LAND          |     LAND           | 
  |---------|--------------------|--------------------| 
Section :  section_GrEst BAROTROPIC TRANSPORT at time   1 =    1.690 Sv.
  mesh_zgr version is v3.6
  |---------|--------------------|--------------------| 
  |    Section :                     section_GrEst    |
  |---------|--------------------|--------------------| 
  |  Leg #  |    Start point     |      End point     | 
  |---------|--------------------|--------------------| 
  |     1   |  79.50 N  -19.90 E |  79.50 N   11.20 E |
  |        F| I = 1060, J = 1115 | I = 1107, J = 1126 |
  |      mod|  79.49 N  -19.77 E |  79.46 N   11.05 E |
  |         |      LAND          |     LAND           | 
  |---------|--------------------|--------------------| 
Section :  section_GrEst BAROTROPIC TRANSPORT at time   1 =    1.826 Sv.
  mesh_zgr version is v3.6
  |---------|--------------------|--------------------| 
  |    Section :                     section_GrEst    |
  |---------|--------------------|--------------------| 
  |  Leg #  |    Start point     |      End point     | 
  |---------|--------------------|--------------------| 
  |     1   |  79.50 N  -19.90 E |  79.50 N   11.20 E |
  |        F| I = 1060, J = 1115 | I = 1107, J = 1126 |
  |      mod|  79.49 N  -19.77 E |  79.46 N   11.05 E |
  |         |      LAND          |     LAND           | 
  |---------|--------------------|--------------------| 
Section :  section_GrEst BAROTROPIC TRANSPORT at time   1 =    1.336 Sv.
  mesh_zgr version is v3.6
  |---------|--------------------|--------------------| 
  |    Section :                     section_GrEst    |
  |---------|--------------------|--------------------| 
  |  Leg #  |    Start point     |      End point     | 
  |---------|--------------------|--------------------| 
  |     1   |  79.50 N  -19.90 E |  79.50 N   11.20 E |
  |        F| I = 1060, J = 1115 | I = 1107, J = 1126 |
  |      mod|  79.49 N  -19.77 E |  79.46 N   11.05 E |
  |         |      LAND          |     LAND           | 
  |---------|--------------------|--------------------| 
Section :  section_GrEst BAROTROPIC TRANSPORT at time   1 =    1.788 Sv.
  mesh_zgr version is v3.6
  |---------|--------------------|--------------------| 
  |    Section :                     section_GrEst    |
  |---------|--------------------|--------------------| 
  |  Leg #  |    Start point     |      End point     | 
  |---------|--------------------|--------------------| 
  |     1   |  79.50 N  -19.90 E |  79.50 N   11.20 E |
  |        F| I = 1060, J = 1115 | I = 1107, J = 1126 |
  |      mod|  79.49 N  -19.77 E |  79.46 N   11.05 E |
  |         |      LAND          |     LAND           | 
  |---------|--------------------|--------------------| 
Section :  section_GrEst BAROTROPIC TRANSPORT at time   1 =    0.919 Sv.
  mesh_zgr version is v3.6
  |---------|--------------------|--------------------| 
  |    Section :                     section_GrEst    |
  |---------|--------------------|--------------------| 
  |  Leg #  |    Start point     |      End point     | 
  |---------|--------------------|--------------------| 
  |     1   |  79.50 N  -19.90 E |  79.50 N   11.20 E |
  |        F| I = 1060, J = 1115 | I = 1107, J = 1126 |
  |      mod|  79.49 N  -19.77 E |  79.46 N   11.05 E |
  |         |      LAND          |     LAND           | 
  |---------|--------------------|--------------------| 
Section :  section_GrEst BAROTROPIC TRANSPORT at time   1 =    0.810 Sv.
  mesh_zgr version is v3.6
  |---------|--------------------|--------------------| 
  |    Section :                     section_GrEst    |
  |---------|--------------------|--------------------| 
  |  Leg #  |    Start point     |      End point     | 
  |---------|--------------------|--------------------| 
  |     1   |  79.50 N  -19.90 E |  79.50 N   11.20 E |
  |        F| I = 1060, J = 1115 | I = 1107, J = 1126 |
  |      mod|  79.49 N  -19.77 E |  79.46 N   11.05 E |
  |         |      LAND          |     LAND           | 
  |---------|--------------------|--------------------| 
Section :  section_GrEst BAROTROPIC TRANSPORT at time   1 =    1.036 Sv.
  mesh_zgr version is v3.6
  |---------|--------------------|--------------------| 
  |    Section :                     section_GrEst    |
  |---------|--------------------|--------------------| 
  |  Leg #  |    Start point     |      End point     | 
  |---------|--------------------|--------------------| 
  |     1   |  79.50 N  -19.90 E |  79.50 N   11.20 E |
  |        F| I = 1060, J = 1115 | I = 1107, J = 1126 |
  |      mod|  79.49 N  -19.77 E |  79.46 N   11.05 E |
  |         |      LAND          |     LAND           | 
  |---------|--------------------|--------------------| 
Section :  section_GrEst BAROTROPIC TRANSPORT at time   1 =    1.164 Sv.
  mesh_zgr version is v3.6
  |---------|--------------------|--------------------| 
  |    Section :                     section_GrEst    |
  |---------|--------------------|--------------------| 
  |  Leg #  |    Start point     |      End point     | 
  |---------|--------------------|--------------------| 
  |     1   |  79.50 N  -19.90 E |  79.50 N   11.20 E |
  |        F| I = 1060, J = 1115 | I = 1107, J = 1126 |
  |      mod|  79.49 N  -19.77 E |  79.46 N   11.05 E |
  |         |      LAND          |     LAND           | 
  |---------|--------------------|--------------------| 
Section :  section_GrEst BAROTROPIC TRANSPORT at time   1 =    0.457 Sv.
  mesh_zgr version is v3.6
  |---------|--------------------|--------------------| 
  |    Section :                     section_GrEst    |
  |---------|--------------------|--------------------| 
  |  Leg #  |    Start point     |      End point     | 
  |---------|--------------------|--------------------| 
  |     1   |  79.50 N  -19.90 E |  79.50 N   11.20 E |
  |        F| I = 1060, J = 1115 | I = 1107, J = 1126 |
  |      mod|  79.49 N  -19.77 E |  79.46 N   11.05 E |
  |         |      LAND          |     LAND           | 
  |---------|--------------------|--------------------| 
Section :  section_GrEst BAROTROPIC TRANSPORT at time   1 =    0.735 Sv.
  mesh_zgr version is v3.6
  |---------|--------------------|--------------------| 
  |    Section :                     section_GrEst    |
  |---------|--------------------|--------------------| 
  |  Leg #  |    Start point     |      End point     | 
  |---------|--------------------|--------------------| 
  |     1   |  79.50 N  -19.90 E |  79.50 N   11.20 E |
  |        F| I = 1060, J = 1115 | I = 1107, J = 1126 |
  |      mod|  79.49 N  -19.77 E |  79.46 N   11.05 E |
  |         |      LAND          |     LAND           | 
  |---------|--------------------|--------------------| 
Section :  section_GrEst BAROTROPIC TRANSPORT at time   1 =    0.329 Sv.
  mesh_zgr version is v3.6
  |---------|--------------------|--------------------| 
  |    Section :                     section_GrEst    |
  |---------|--------------------|--------------------| 
  |  Leg #  |    Start point     |      End point     | 
  |---------|--------------------|--------------------| 
  |     1   |  79.50 N  -19.90 E |  79.50 N   11.20 E |
  |        F| I = 1060, J = 1115 | I = 1107, J = 1126 |
  |      mod|  79.49 N  -19.77 E |  79.46 N   11.05 E |
  |         |      LAND          |     LAND           | 
  |---------|--------------------|--------------------| 
Section :  section_GrEst BAROTROPIC TRANSPORT at time   1 =    0.287 Sv.
  mesh_zgr version is v3.6
  |---------|--------------------|--------------------| 
  |    Section :                     section_GrEst    |
  |---------|--------------------|--------------------| 
  |  Leg #  |    Start point     |      End point     | 
  |---------|--------------------|--------------------| 
  |     1   |  79.50 N  -19.90 E |  79.50 N   11.20 E |
  |        F| I = 1060, J = 1115 | I = 1107, J = 1126 |
  |      mod|  79.49 N  -19.77 E |  79.46 N   11.05 E |
  |         |      LAND          |     LAND           | 
  |---------|--------------------|--------------------| 
Section :  section_GrEst BAROTROPIC TRANSPORT at time   1 =   -0.092 Sv.
  mesh_zgr version is v3.6
  |---------|--------------------|--------------------| 
  |    Section :                     section_GrEst    |
  |---------|--------------------|--------------------| 
  |  Leg #  |    Start point     |      End point     | 
  |---------|--------------------|--------------------| 
  |     1   |  79.50 N  -19.90 E |  79.50 N   11.20 E |
  |        F| I = 1060, J = 1115 | I = 1107, J = 1126 |
  |      mod|  79.49 N  -19.77 E |  79.46 N   11.05 E |
  |         |      LAND          |     LAND           | 
  |---------|--------------------|--------------------| 
Section :  section_GrEst BAROTROPIC TRANSPORT at time   1 =   -0.160 Sv.
  mesh_zgr version is v3.6
  |---------|--------------------|--------------------| 
  |    Section :                     section_GrEst    |
  |---------|--------------------|--------------------| 
  |  Leg #  |    Start point     |      End point     | 
  |---------|--------------------|--------------------| 
  |     1   |  79.50 N  -19.90 E |  79.50 N   11.20 E |
  |        F| I = 1060, J = 1115 | I = 1107, J = 1126 |
  |      mod|  79.49 N  -19.77 E |  79.46 N   11.05 E |
  |         |      LAND          |     LAND           | 
  |---------|--------------------|--------------------| 
Section :  section_GrEst BAROTROPIC TRANSPORT at time   1 =    0.442 Sv.
