+ exp=GAI
+ dirscratch=/gpfsscratch/rech/cli/uor98hu/xtrac_brokenline/GAI/
+ dirwork=/gpfswork/rech/cli/uor98hu/
+ dirstore=/gpfsstore/rech/cli/rcli002/eORCA025.L75/eORCA025.L75-IMHOTEP.GAI-S
+ dirI=/gpfsstore/rech/cli/rcli002/eORCA025.L75/eORCA025.L75-I/
+ ln -s /gpfsstore/rech/cli/rcli002/eORCA025.L75/eORCA025.L75-I/eORCA025.L75_mesh_zgr.nc mesh_zgr.nc
+ ln -s /gpfsstore/rech/cli/rcli002/eORCA025.L75/eORCA025.L75-I/eORCA025.L75_mesh_hgr.nc mesh_hgr.nc
+ for K in {1980..2018}
+ /gpfswork/rech/cli/uor98hu//CDFTOOLS/bin/cdf_xtrac_brokenline -t /gpfsstore/rech/cli/rcli002/eORCA025.L75/eORCA025.L75-IMHOTEP.GAI-S/1y/1980/eORCA025.L75-IMHOTEP.GAI_y1980.1y_gridT.nc -u /gpfsstore/rech/cli/rcli002/eORCA025.L75/eORCA025.L75-IMHOTEP.GAI-S/1y/1980/eORCA025.L75-IMHOTEP.GAI_y1980.1y_gridU.nc -v /gpfsstore/rech/cli/rcli002/eORCA025.L75/eORCA025.L75-IMHOTEP.GAI-S/1y/1980/eORCA025.L75-IMHOTEP.GAI_y1980.1y_gridV.nc -l section_GrEst.txt -vecrot -vt -mxl /gpfsstore/rech/cli/rcli002/eORCA025.L75/eORCA025.L75-IMHOTEP.GAI-S/1y/1980/eORCA025.L75-IMHOTEP.GAI_y1980.1y_gridTsurf.nc -mld -b /gpfsstore/rech/cli/rcli002/eORCA025.L75/eORCA025.L75-I/eORCA025.L75_Bathymetry.nc
+ mv section_GrEst.nc /gpfsscratch/rech/cli/uor98hu/xtrac_brokenline/GAI/GAI_1y_1980_section_GrEst.nc
+ rm -f section_GrEst_section.dat
+ for K in {1980..2018}
+ /gpfswork/rech/cli/uor98hu//CDFTOOLS/bin/cdf_xtrac_brokenline -t /gpfsstore/rech/cli/rcli002/eORCA025.L75/eORCA025.L75-IMHOTEP.GAI-S/1y/1981/eORCA025.L75-IMHOTEP.GAI_y1981.1y_gridT.nc -u /gpfsstore/rech/cli/rcli002/eORCA025.L75/eORCA025.L75-IMHOTEP.GAI-S/1y/1981/eORCA025.L75-IMHOTEP.GAI_y1981.1y_gridU.nc -v /gpfsstore/rech/cli/rcli002/eORCA025.L75/eORCA025.L75-IMHOTEP.GAI-S/1y/1981/eORCA025.L75-IMHOTEP.GAI_y1981.1y_gridV.nc -l section_GrEst.txt -vecrot -vt -mxl /gpfsstore/rech/cli/rcli002/eORCA025.L75/eORCA025.L75-IMHOTEP.GAI-S/1y/1981/eORCA025.L75-IMHOTEP.GAI_y1981.1y_gridTsurf.nc -mld -b /gpfsstore/rech/cli/rcli002/eORCA025.L75/eORCA025.L75-I/eORCA025.L75_Bathymetry.nc
+ mv section_GrEst.nc /gpfsscratch/rech/cli/uor98hu/xtrac_brokenline/GAI/GAI_1y_1981_section_GrEst.nc
+ rm -f section_GrEst_section.dat
+ for K in {1980..2018}
+ /gpfswork/rech/cli/uor98hu//CDFTOOLS/bin/cdf_xtrac_brokenline -t /gpfsstore/rech/cli/rcli002/eORCA025.L75/eORCA025.L75-IMHOTEP.GAI-S/1y/1982/eORCA025.L75-IMHOTEP.GAI_y1982.1y_gridT.nc -u /gpfsstore/rech/cli/rcli002/eORCA025.L75/eORCA025.L75-IMHOTEP.GAI-S/1y/1982/eORCA025.L75-IMHOTEP.GAI_y1982.1y_gridU.nc -v /gpfsstore/rech/cli/rcli002/eORCA025.L75/eORCA025.L75-IMHOTEP.GAI-S/1y/1982/eORCA025.L75-IMHOTEP.GAI_y1982.1y_gridV.nc -l section_GrEst.txt -vecrot -vt -mxl /gpfsstore/rech/cli/rcli002/eORCA025.L75/eORCA025.L75-IMHOTEP.GAI-S/1y/1982/eORCA025.L75-IMHOTEP.GAI_y1982.1y_gridTsurf.nc -mld -b /gpfsstore/rech/cli/rcli002/eORCA025.L75/eORCA025.L75-I/eORCA025.L75_Bathymetry.nc
+ mv section_GrEst.nc /gpfsscratch/rech/cli/uor98hu/xtrac_brokenline/GAI/GAI_1y_1982_section_GrEst.nc
+ rm -f section_GrEst_section.dat
+ for K in {1980..2018}
+ /gpfswork/rech/cli/uor98hu//CDFTOOLS/bin/cdf_xtrac_brokenline -t /gpfsstore/rech/cli/rcli002/eORCA025.L75/eORCA025.L75-IMHOTEP.GAI-S/1y/1983/eORCA025.L75-IMHOTEP.GAI_y1983.1y_gridT.nc -u /gpfsstore/rech/cli/rcli002/eORCA025.L75/eORCA025.L75-IMHOTEP.GAI-S/1y/1983/eORCA025.L75-IMHOTEP.GAI_y1983.1y_gridU.nc -v /gpfsstore/rech/cli/rcli002/eORCA025.L75/eORCA025.L75-IMHOTEP.GAI-S/1y/1983/eORCA025.L75-IMHOTEP.GAI_y1983.1y_gridV.nc -l section_GrEst.txt -vecrot -vt -mxl /gpfsstore/rech/cli/rcli002/eORCA025.L75/eORCA025.L75-IMHOTEP.GAI-S/1y/1983/eORCA025.L75-IMHOTEP.GAI_y1983.1y_gridTsurf.nc -mld -b /gpfsstore/rech/cli/rcli002/eORCA025.L75/eORCA025.L75-I/eORCA025.L75_Bathymetry.nc
+ mv section_GrEst.nc /gpfsscratch/rech/cli/uor98hu/xtrac_brokenline/GAI/GAI_1y_1983_section_GrEst.nc
+ rm -f section_GrEst_section.dat
+ for K in {1980..2018}
+ /gpfswork/rech/cli/uor98hu//CDFTOOLS/bin/cdf_xtrac_brokenline -t /gpfsstore/rech/cli/rcli002/eORCA025.L75/eORCA025.L75-IMHOTEP.GAI-S/1y/1984/eORCA025.L75-IMHOTEP.GAI_y1984.1y_gridT.nc -u /gpfsstore/rech/cli/rcli002/eORCA025.L75/eORCA025.L75-IMHOTEP.GAI-S/1y/1984/eORCA025.L75-IMHOTEP.GAI_y1984.1y_gridU.nc -v /gpfsstore/rech/cli/rcli002/eORCA025.L75/eORCA025.L75-IMHOTEP.GAI-S/1y/1984/eORCA025.L75-IMHOTEP.GAI_y1984.1y_gridV.nc -l section_GrEst.txt -vecrot -vt -mxl /gpfsstore/rech/cli/rcli002/eORCA025.L75/eORCA025.L75-IMHOTEP.GAI-S/1y/1984/eORCA025.L75-IMHOTEP.GAI_y1984.1y_gridTsurf.nc -mld -b /gpfsstore/rech/cli/rcli002/eORCA025.L75/eORCA025.L75-I/eORCA025.L75_Bathymetry.nc
+ mv section_GrEst.nc /gpfsscratch/rech/cli/uor98hu/xtrac_brokenline/GAI/GAI_1y_1984_section_GrEst.nc
+ rm -f section_GrEst_section.dat
+ for K in {1980..2018}
+ /gpfswork/rech/cli/uor98hu//CDFTOOLS/bin/cdf_xtrac_brokenline -t /gpfsstore/rech/cli/rcli002/eORCA025.L75/eORCA025.L75-IMHOTEP.GAI-S/1y/1985/eORCA025.L75-IMHOTEP.GAI_y1985.1y_gridT.nc -u /gpfsstore/rech/cli/rcli002/eORCA025.L75/eORCA025.L75-IMHOTEP.GAI-S/1y/1985/eORCA025.L75-IMHOTEP.GAI_y1985.1y_gridU.nc -v /gpfsstore/rech/cli/rcli002/eORCA025.L75/eORCA025.L75-IMHOTEP.GAI-S/1y/1985/eORCA025.L75-IMHOTEP.GAI_y1985.1y_gridV.nc -l section_GrEst.txt -vecrot -vt -mxl /gpfsstore/rech/cli/rcli002/eORCA025.L75/eORCA025.L75-IMHOTEP.GAI-S/1y/1985/eORCA025.L75-IMHOTEP.GAI_y1985.1y_gridTsurf.nc -mld -b /gpfsstore/rech/cli/rcli002/eORCA025.L75/eORCA025.L75-I/eORCA025.L75_Bathymetry.nc
+ mv section_GrEst.nc /gpfsscratch/rech/cli/uor98hu/xtrac_brokenline/GAI/GAI_1y_1985_section_GrEst.nc
+ rm -f section_GrEst_section.dat
+ for K in {1980..2018}
+ /gpfswork/rech/cli/uor98hu//CDFTOOLS/bin/cdf_xtrac_brokenline -t /gpfsstore/rech/cli/rcli002/eORCA025.L75/eORCA025.L75-IMHOTEP.GAI-S/1y/1986/eORCA025.L75-IMHOTEP.GAI_y1986.1y_gridT.nc -u /gpfsstore/rech/cli/rcli002/eORCA025.L75/eORCA025.L75-IMHOTEP.GAI-S/1y/1986/eORCA025.L75-IMHOTEP.GAI_y1986.1y_gridU.nc -v /gpfsstore/rech/cli/rcli002/eORCA025.L75/eORCA025.L75-IMHOTEP.GAI-S/1y/1986/eORCA025.L75-IMHOTEP.GAI_y1986.1y_gridV.nc -l section_GrEst.txt -vecrot -vt -mxl /gpfsstore/rech/cli/rcli002/eORCA025.L75/eORCA025.L75-IMHOTEP.GAI-S/1y/1986/eORCA025.L75-IMHOTEP.GAI_y1986.1y_gridTsurf.nc -mld -b /gpfsstore/rech/cli/rcli002/eORCA025.L75/eORCA025.L75-I/eORCA025.L75_Bathymetry.nc
+ mv section_GrEst.nc /gpfsscratch/rech/cli/uor98hu/xtrac_brokenline/GAI/GAI_1y_1986_section_GrEst.nc
+ rm -f section_GrEst_section.dat
+ for K in {1980..2018}
+ /gpfswork/rech/cli/uor98hu//CDFTOOLS/bin/cdf_xtrac_brokenline -t /gpfsstore/rech/cli/rcli002/eORCA025.L75/eORCA025.L75-IMHOTEP.GAI-S/1y/1987/eORCA025.L75-IMHOTEP.GAI_y1987.1y_gridT.nc -u /gpfsstore/rech/cli/rcli002/eORCA025.L75/eORCA025.L75-IMHOTEP.GAI-S/1y/1987/eORCA025.L75-IMHOTEP.GAI_y1987.1y_gridU.nc -v /gpfsstore/rech/cli/rcli002/eORCA025.L75/eORCA025.L75-IMHOTEP.GAI-S/1y/1987/eORCA025.L75-IMHOTEP.GAI_y1987.1y_gridV.nc -l section_GrEst.txt -vecrot -vt -mxl /gpfsstore/rech/cli/rcli002/eORCA025.L75/eORCA025.L75-IMHOTEP.GAI-S/1y/1987/eORCA025.L75-IMHOTEP.GAI_y1987.1y_gridTsurf.nc -mld -b /gpfsstore/rech/cli/rcli002/eORCA025.L75/eORCA025.L75-I/eORCA025.L75_Bathymetry.nc
+ mv section_GrEst.nc /gpfsscratch/rech/cli/uor98hu/xtrac_brokenline/GAI/GAI_1y_1987_section_GrEst.nc
+ rm -f section_GrEst_section.dat
+ for K in {1980..2018}
+ /gpfswork/rech/cli/uor98hu//CDFTOOLS/bin/cdf_xtrac_brokenline -t /gpfsstore/rech/cli/rcli002/eORCA025.L75/eORCA025.L75-IMHOTEP.GAI-S/1y/1988/eORCA025.L75-IMHOTEP.GAI_y1988.1y_gridT.nc -u /gpfsstore/rech/cli/rcli002/eORCA025.L75/eORCA025.L75-IMHOTEP.GAI-S/1y/1988/eORCA025.L75-IMHOTEP.GAI_y1988.1y_gridU.nc -v /gpfsstore/rech/cli/rcli002/eORCA025.L75/eORCA025.L75-IMHOTEP.GAI-S/1y/1988/eORCA025.L75-IMHOTEP.GAI_y1988.1y_gridV.nc -l section_GrEst.txt -vecrot -vt -mxl /gpfsstore/rech/cli/rcli002/eORCA025.L75/eORCA025.L75-IMHOTEP.GAI-S/1y/1988/eORCA025.L75-IMHOTEP.GAI_y1988.1y_gridTsurf.nc -mld -b /gpfsstore/rech/cli/rcli002/eORCA025.L75/eORCA025.L75-I/eORCA025.L75_Bathymetry.nc
+ mv section_GrEst.nc /gpfsscratch/rech/cli/uor98hu/xtrac_brokenline/GAI/GAI_1y_1988_section_GrEst.nc
+ rm -f section_GrEst_section.dat
+ for K in {1980..2018}
+ /gpfswork/rech/cli/uor98hu//CDFTOOLS/bin/cdf_xtrac_brokenline -t /gpfsstore/rech/cli/rcli002/eORCA025.L75/eORCA025.L75-IMHOTEP.GAI-S/1y/1989/eORCA025.L75-IMHOTEP.GAI_y1989.1y_gridT.nc -u /gpfsstore/rech/cli/rcli002/eORCA025.L75/eORCA025.L75-IMHOTEP.GAI-S/1y/1989/eORCA025.L75-IMHOTEP.GAI_y1989.1y_gridU.nc -v /gpfsstore/rech/cli/rcli002/eORCA025.L75/eORCA025.L75-IMHOTEP.GAI-S/1y/1989/eORCA025.L75-IMHOTEP.GAI_y1989.1y_gridV.nc -l section_GrEst.txt -vecrot -vt -mxl /gpfsstore/rech/cli/rcli002/eORCA025.L75/eORCA025.L75-IMHOTEP.GAI-S/1y/1989/eORCA025.L75-IMHOTEP.GAI_y1989.1y_gridTsurf.nc -mld -b /gpfsstore/rech/cli/rcli002/eORCA025.L75/eORCA025.L75-I/eORCA025.L75_Bathymetry.nc
+ mv section_GrEst.nc /gpfsscratch/rech/cli/uor98hu/xtrac_brokenline/GAI/GAI_1y_1989_section_GrEst.nc
+ rm -f section_GrEst_section.dat
+ for K in {1980..2018}
+ /gpfswork/rech/cli/uor98hu//CDFTOOLS/bin/cdf_xtrac_brokenline -t /gpfsstore/rech/cli/rcli002/eORCA025.L75/eORCA025.L75-IMHOTEP.GAI-S/1y/1990/eORCA025.L75-IMHOTEP.GAI_y1990.1y_gridT.nc -u /gpfsstore/rech/cli/rcli002/eORCA025.L75/eORCA025.L75-IMHOTEP.GAI-S/1y/1990/eORCA025.L75-IMHOTEP.GAI_y1990.1y_gridU.nc -v /gpfsstore/rech/cli/rcli002/eORCA025.L75/eORCA025.L75-IMHOTEP.GAI-S/1y/1990/eORCA025.L75-IMHOTEP.GAI_y1990.1y_gridV.nc -l section_GrEst.txt -vecrot -vt -mxl /gpfsstore/rech/cli/rcli002/eORCA025.L75/eORCA025.L75-IMHOTEP.GAI-S/1y/1990/eORCA025.L75-IMHOTEP.GAI_y1990.1y_gridTsurf.nc -mld -b /gpfsstore/rech/cli/rcli002/eORCA025.L75/eORCA025.L75-I/eORCA025.L75_Bathymetry.nc
+ mv section_GrEst.nc /gpfsscratch/rech/cli/uor98hu/xtrac_brokenline/GAI/GAI_1y_1990_section_GrEst.nc
+ rm -f section_GrEst_section.dat
+ for K in {1980..2018}
+ /gpfswork/rech/cli/uor98hu//CDFTOOLS/bin/cdf_xtrac_brokenline -t /gpfsstore/rech/cli/rcli002/eORCA025.L75/eORCA025.L75-IMHOTEP.GAI-S/1y/1991/eORCA025.L75-IMHOTEP.GAI_y1991.1y_gridT.nc -u /gpfsstore/rech/cli/rcli002/eORCA025.L75/eORCA025.L75-IMHOTEP.GAI-S/1y/1991/eORCA025.L75-IMHOTEP.GAI_y1991.1y_gridU.nc -v /gpfsstore/rech/cli/rcli002/eORCA025.L75/eORCA025.L75-IMHOTEP.GAI-S/1y/1991/eORCA025.L75-IMHOTEP.GAI_y1991.1y_gridV.nc -l section_GrEst.txt -vecrot -vt -mxl /gpfsstore/rech/cli/rcli002/eORCA025.L75/eORCA025.L75-IMHOTEP.GAI-S/1y/1991/eORCA025.L75-IMHOTEP.GAI_y1991.1y_gridTsurf.nc -mld -b /gpfsstore/rech/cli/rcli002/eORCA025.L75/eORCA025.L75-I/eORCA025.L75_Bathymetry.nc
+ mv section_GrEst.nc /gpfsscratch/rech/cli/uor98hu/xtrac_brokenline/GAI/GAI_1y_1991_section_GrEst.nc
+ rm -f section_GrEst_section.dat
+ for K in {1980..2018}
+ /gpfswork/rech/cli/uor98hu//CDFTOOLS/bin/cdf_xtrac_brokenline -t /gpfsstore/rech/cli/rcli002/eORCA025.L75/eORCA025.L75-IMHOTEP.GAI-S/1y/1992/eORCA025.L75-IMHOTEP.GAI_y1992.1y_gridT.nc -u /gpfsstore/rech/cli/rcli002/eORCA025.L75/eORCA025.L75-IMHOTEP.GAI-S/1y/1992/eORCA025.L75-IMHOTEP.GAI_y1992.1y_gridU.nc -v /gpfsstore/rech/cli/rcli002/eORCA025.L75/eORCA025.L75-IMHOTEP.GAI-S/1y/1992/eORCA025.L75-IMHOTEP.GAI_y1992.1y_gridV.nc -l section_GrEst.txt -vecrot -vt -mxl /gpfsstore/rech/cli/rcli002/eORCA025.L75/eORCA025.L75-IMHOTEP.GAI-S/1y/1992/eORCA025.L75-IMHOTEP.GAI_y1992.1y_gridTsurf.nc -mld -b /gpfsstore/rech/cli/rcli002/eORCA025.L75/eORCA025.L75-I/eORCA025.L75_Bathymetry.nc
+ mv section_GrEst.nc /gpfsscratch/rech/cli/uor98hu/xtrac_brokenline/GAI/GAI_1y_1992_section_GrEst.nc
+ rm -f section_GrEst_section.dat
+ for K in {1980..2018}
+ /gpfswork/rech/cli/uor98hu//CDFTOOLS/bin/cdf_xtrac_brokenline -t /gpfsstore/rech/cli/rcli002/eORCA025.L75/eORCA025.L75-IMHOTEP.GAI-S/1y/1993/eORCA025.L75-IMHOTEP.GAI_y1993.1y_gridT.nc -u /gpfsstore/rech/cli/rcli002/eORCA025.L75/eORCA025.L75-IMHOTEP.GAI-S/1y/1993/eORCA025.L75-IMHOTEP.GAI_y1993.1y_gridU.nc -v /gpfsstore/rech/cli/rcli002/eORCA025.L75/eORCA025.L75-IMHOTEP.GAI-S/1y/1993/eORCA025.L75-IMHOTEP.GAI_y1993.1y_gridV.nc -l section_GrEst.txt -vecrot -vt -mxl /gpfsstore/rech/cli/rcli002/eORCA025.L75/eORCA025.L75-IMHOTEP.GAI-S/1y/1993/eORCA025.L75-IMHOTEP.GAI_y1993.1y_gridTsurf.nc -mld -b /gpfsstore/rech/cli/rcli002/eORCA025.L75/eORCA025.L75-I/eORCA025.L75_Bathymetry.nc
+ mv section_GrEst.nc /gpfsscratch/rech/cli/uor98hu/xtrac_brokenline/GAI/GAI_1y_1993_section_GrEst.nc
+ rm -f section_GrEst_section.dat
+ for K in {1980..2018}
+ /gpfswork/rech/cli/uor98hu//CDFTOOLS/bin/cdf_xtrac_brokenline -t /gpfsstore/rech/cli/rcli002/eORCA025.L75/eORCA025.L75-IMHOTEP.GAI-S/1y/1994/eORCA025.L75-IMHOTEP.GAI_y1994.1y_gridT.nc -u /gpfsstore/rech/cli/rcli002/eORCA025.L75/eORCA025.L75-IMHOTEP.GAI-S/1y/1994/eORCA025.L75-IMHOTEP.GAI_y1994.1y_gridU.nc -v /gpfsstore/rech/cli/rcli002/eORCA025.L75/eORCA025.L75-IMHOTEP.GAI-S/1y/1994/eORCA025.L75-IMHOTEP.GAI_y1994.1y_gridV.nc -l section_GrEst.txt -vecrot -vt -mxl /gpfsstore/rech/cli/rcli002/eORCA025.L75/eORCA025.L75-IMHOTEP.GAI-S/1y/1994/eORCA025.L75-IMHOTEP.GAI_y1994.1y_gridTsurf.nc -mld -b /gpfsstore/rech/cli/rcli002/eORCA025.L75/eORCA025.L75-I/eORCA025.L75_Bathymetry.nc
+ mv section_GrEst.nc /gpfsscratch/rech/cli/uor98hu/xtrac_brokenline/GAI/GAI_1y_1994_section_GrEst.nc
+ rm -f section_GrEst_section.dat
+ for K in {1980..2018}
+ /gpfswork/rech/cli/uor98hu//CDFTOOLS/bin/cdf_xtrac_brokenline -t /gpfsstore/rech/cli/rcli002/eORCA025.L75/eORCA025.L75-IMHOTEP.GAI-S/1y/1995/eORCA025.L75-IMHOTEP.GAI_y1995.1y_gridT.nc -u /gpfsstore/rech/cli/rcli002/eORCA025.L75/eORCA025.L75-IMHOTEP.GAI-S/1y/1995/eORCA025.L75-IMHOTEP.GAI_y1995.1y_gridU.nc -v /gpfsstore/rech/cli/rcli002/eORCA025.L75/eORCA025.L75-IMHOTEP.GAI-S/1y/1995/eORCA025.L75-IMHOTEP.GAI_y1995.1y_gridV.nc -l section_GrEst.txt -vecrot -vt -mxl /gpfsstore/rech/cli/rcli002/eORCA025.L75/eORCA025.L75-IMHOTEP.GAI-S/1y/1995/eORCA025.L75-IMHOTEP.GAI_y1995.1y_gridTsurf.nc -mld -b /gpfsstore/rech/cli/rcli002/eORCA025.L75/eORCA025.L75-I/eORCA025.L75_Bathymetry.nc
+ mv section_GrEst.nc /gpfsscratch/rech/cli/uor98hu/xtrac_brokenline/GAI/GAI_1y_1995_section_GrEst.nc
+ rm -f section_GrEst_section.dat
+ for K in {1980..2018}
+ /gpfswork/rech/cli/uor98hu//CDFTOOLS/bin/cdf_xtrac_brokenline -t /gpfsstore/rech/cli/rcli002/eORCA025.L75/eORCA025.L75-IMHOTEP.GAI-S/1y/1996/eORCA025.L75-IMHOTEP.GAI_y1996.1y_gridT.nc -u /gpfsstore/rech/cli/rcli002/eORCA025.L75/eORCA025.L75-IMHOTEP.GAI-S/1y/1996/eORCA025.L75-IMHOTEP.GAI_y1996.1y_gridU.nc -v /gpfsstore/rech/cli/rcli002/eORCA025.L75/eORCA025.L75-IMHOTEP.GAI-S/1y/1996/eORCA025.L75-IMHOTEP.GAI_y1996.1y_gridV.nc -l section_GrEst.txt -vecrot -vt -mxl /gpfsstore/rech/cli/rcli002/eORCA025.L75/eORCA025.L75-IMHOTEP.GAI-S/1y/1996/eORCA025.L75-IMHOTEP.GAI_y1996.1y_gridTsurf.nc -mld -b /gpfsstore/rech/cli/rcli002/eORCA025.L75/eORCA025.L75-I/eORCA025.L75_Bathymetry.nc
+ mv section_GrEst.nc /gpfsscratch/rech/cli/uor98hu/xtrac_brokenline/GAI/GAI_1y_1996_section_GrEst.nc
+ rm -f section_GrEst_section.dat
+ for K in {1980..2018}
+ /gpfswork/rech/cli/uor98hu//CDFTOOLS/bin/cdf_xtrac_brokenline -t /gpfsstore/rech/cli/rcli002/eORCA025.L75/eORCA025.L75-IMHOTEP.GAI-S/1y/1997/eORCA025.L75-IMHOTEP.GAI_y1997.1y_gridT.nc -u /gpfsstore/rech/cli/rcli002/eORCA025.L75/eORCA025.L75-IMHOTEP.GAI-S/1y/1997/eORCA025.L75-IMHOTEP.GAI_y1997.1y_gridU.nc -v /gpfsstore/rech/cli/rcli002/eORCA025.L75/eORCA025.L75-IMHOTEP.GAI-S/1y/1997/eORCA025.L75-IMHOTEP.GAI_y1997.1y_gridV.nc -l section_GrEst.txt -vecrot -vt -mxl /gpfsstore/rech/cli/rcli002/eORCA025.L75/eORCA025.L75-IMHOTEP.GAI-S/1y/1997/eORCA025.L75-IMHOTEP.GAI_y1997.1y_gridTsurf.nc -mld -b /gpfsstore/rech/cli/rcli002/eORCA025.L75/eORCA025.L75-I/eORCA025.L75_Bathymetry.nc
+ mv section_GrEst.nc /gpfsscratch/rech/cli/uor98hu/xtrac_brokenline/GAI/GAI_1y_1997_section_GrEst.nc
+ rm -f section_GrEst_section.dat
+ for K in {1980..2018}
+ /gpfswork/rech/cli/uor98hu//CDFTOOLS/bin/cdf_xtrac_brokenline -t /gpfsstore/rech/cli/rcli002/eORCA025.L75/eORCA025.L75-IMHOTEP.GAI-S/1y/1998/eORCA025.L75-IMHOTEP.GAI_y1998.1y_gridT.nc -u /gpfsstore/rech/cli/rcli002/eORCA025.L75/eORCA025.L75-IMHOTEP.GAI-S/1y/1998/eORCA025.L75-IMHOTEP.GAI_y1998.1y_gridU.nc -v /gpfsstore/rech/cli/rcli002/eORCA025.L75/eORCA025.L75-IMHOTEP.GAI-S/1y/1998/eORCA025.L75-IMHOTEP.GAI_y1998.1y_gridV.nc -l section_GrEst.txt -vecrot -vt -mxl /gpfsstore/rech/cli/rcli002/eORCA025.L75/eORCA025.L75-IMHOTEP.GAI-S/1y/1998/eORCA025.L75-IMHOTEP.GAI_y1998.1y_gridTsurf.nc -mld -b /gpfsstore/rech/cli/rcli002/eORCA025.L75/eORCA025.L75-I/eORCA025.L75_Bathymetry.nc
+ mv section_GrEst.nc /gpfsscratch/rech/cli/uor98hu/xtrac_brokenline/GAI/GAI_1y_1998_section_GrEst.nc
+ rm -f section_GrEst_section.dat
+ for K in {1980..2018}
+ /gpfswork/rech/cli/uor98hu//CDFTOOLS/bin/cdf_xtrac_brokenline -t /gpfsstore/rech/cli/rcli002/eORCA025.L75/eORCA025.L75-IMHOTEP.GAI-S/1y/1999/eORCA025.L75-IMHOTEP.GAI_y1999.1y_gridT.nc -u /gpfsstore/rech/cli/rcli002/eORCA025.L75/eORCA025.L75-IMHOTEP.GAI-S/1y/1999/eORCA025.L75-IMHOTEP.GAI_y1999.1y_gridU.nc -v /gpfsstore/rech/cli/rcli002/eORCA025.L75/eORCA025.L75-IMHOTEP.GAI-S/1y/1999/eORCA025.L75-IMHOTEP.GAI_y1999.1y_gridV.nc -l section_GrEst.txt -vecrot -vt -mxl /gpfsstore/rech/cli/rcli002/eORCA025.L75/eORCA025.L75-IMHOTEP.GAI-S/1y/1999/eORCA025.L75-IMHOTEP.GAI_y1999.1y_gridTsurf.nc -mld -b /gpfsstore/rech/cli/rcli002/eORCA025.L75/eORCA025.L75-I/eORCA025.L75_Bathymetry.nc
+ mv section_GrEst.nc /gpfsscratch/rech/cli/uor98hu/xtrac_brokenline/GAI/GAI_1y_1999_section_GrEst.nc
+ rm -f section_GrEst_section.dat
+ for K in {1980..2018}
+ /gpfswork/rech/cli/uor98hu//CDFTOOLS/bin/cdf_xtrac_brokenline -t /gpfsstore/rech/cli/rcli002/eORCA025.L75/eORCA025.L75-IMHOTEP.GAI-S/1y/2000/eORCA025.L75-IMHOTEP.GAI_y2000.1y_gridT.nc -u /gpfsstore/rech/cli/rcli002/eORCA025.L75/eORCA025.L75-IMHOTEP.GAI-S/1y/2000/eORCA025.L75-IMHOTEP.GAI_y2000.1y_gridU.nc -v /gpfsstore/rech/cli/rcli002/eORCA025.L75/eORCA025.L75-IMHOTEP.GAI-S/1y/2000/eORCA025.L75-IMHOTEP.GAI_y2000.1y_gridV.nc -l section_GrEst.txt -vecrot -vt -mxl /gpfsstore/rech/cli/rcli002/eORCA025.L75/eORCA025.L75-IMHOTEP.GAI-S/1y/2000/eORCA025.L75-IMHOTEP.GAI_y2000.1y_gridTsurf.nc -mld -b /gpfsstore/rech/cli/rcli002/eORCA025.L75/eORCA025.L75-I/eORCA025.L75_Bathymetry.nc
+ mv section_GrEst.nc /gpfsscratch/rech/cli/uor98hu/xtrac_brokenline/GAI/GAI_1y_2000_section_GrEst.nc
+ rm -f section_GrEst_section.dat
+ for K in {1980..2018}
+ /gpfswork/rech/cli/uor98hu//CDFTOOLS/bin/cdf_xtrac_brokenline -t /gpfsstore/rech/cli/rcli002/eORCA025.L75/eORCA025.L75-IMHOTEP.GAI-S/1y/2001/eORCA025.L75-IMHOTEP.GAI_y2001.1y_gridT.nc -u /gpfsstore/rech/cli/rcli002/eORCA025.L75/eORCA025.L75-IMHOTEP.GAI-S/1y/2001/eORCA025.L75-IMHOTEP.GAI_y2001.1y_gridU.nc -v /gpfsstore/rech/cli/rcli002/eORCA025.L75/eORCA025.L75-IMHOTEP.GAI-S/1y/2001/eORCA025.L75-IMHOTEP.GAI_y2001.1y_gridV.nc -l section_GrEst.txt -vecrot -vt -mxl /gpfsstore/rech/cli/rcli002/eORCA025.L75/eORCA025.L75-IMHOTEP.GAI-S/1y/2001/eORCA025.L75-IMHOTEP.GAI_y2001.1y_gridTsurf.nc -mld -b /gpfsstore/rech/cli/rcli002/eORCA025.L75/eORCA025.L75-I/eORCA025.L75_Bathymetry.nc
+ mv section_GrEst.nc /gpfsscratch/rech/cli/uor98hu/xtrac_brokenline/GAI/GAI_1y_2001_section_GrEst.nc
+ rm -f section_GrEst_section.dat
+ for K in {1980..2018}
+ /gpfswork/rech/cli/uor98hu//CDFTOOLS/bin/cdf_xtrac_brokenline -t /gpfsstore/rech/cli/rcli002/eORCA025.L75/eORCA025.L75-IMHOTEP.GAI-S/1y/2002/eORCA025.L75-IMHOTEP.GAI_y2002.1y_gridT.nc -u /gpfsstore/rech/cli/rcli002/eORCA025.L75/eORCA025.L75-IMHOTEP.GAI-S/1y/2002/eORCA025.L75-IMHOTEP.GAI_y2002.1y_gridU.nc -v /gpfsstore/rech/cli/rcli002/eORCA025.L75/eORCA025.L75-IMHOTEP.GAI-S/1y/2002/eORCA025.L75-IMHOTEP.GAI_y2002.1y_gridV.nc -l section_GrEst.txt -vecrot -vt -mxl /gpfsstore/rech/cli/rcli002/eORCA025.L75/eORCA025.L75-IMHOTEP.GAI-S/1y/2002/eORCA025.L75-IMHOTEP.GAI_y2002.1y_gridTsurf.nc -mld -b /gpfsstore/rech/cli/rcli002/eORCA025.L75/eORCA025.L75-I/eORCA025.L75_Bathymetry.nc
+ mv section_GrEst.nc /gpfsscratch/rech/cli/uor98hu/xtrac_brokenline/GAI/GAI_1y_2002_section_GrEst.nc
+ rm -f section_GrEst_section.dat
+ for K in {1980..2018}
+ /gpfswork/rech/cli/uor98hu//CDFTOOLS/bin/cdf_xtrac_brokenline -t /gpfsstore/rech/cli/rcli002/eORCA025.L75/eORCA025.L75-IMHOTEP.GAI-S/1y/2003/eORCA025.L75-IMHOTEP.GAI_y2003.1y_gridT.nc -u /gpfsstore/rech/cli/rcli002/eORCA025.L75/eORCA025.L75-IMHOTEP.GAI-S/1y/2003/eORCA025.L75-IMHOTEP.GAI_y2003.1y_gridU.nc -v /gpfsstore/rech/cli/rcli002/eORCA025.L75/eORCA025.L75-IMHOTEP.GAI-S/1y/2003/eORCA025.L75-IMHOTEP.GAI_y2003.1y_gridV.nc -l section_GrEst.txt -vecrot -vt -mxl /gpfsstore/rech/cli/rcli002/eORCA025.L75/eORCA025.L75-IMHOTEP.GAI-S/1y/2003/eORCA025.L75-IMHOTEP.GAI_y2003.1y_gridTsurf.nc -mld -b /gpfsstore/rech/cli/rcli002/eORCA025.L75/eORCA025.L75-I/eORCA025.L75_Bathymetry.nc
+ mv section_GrEst.nc /gpfsscratch/rech/cli/uor98hu/xtrac_brokenline/GAI/GAI_1y_2003_section_GrEst.nc
+ rm -f section_GrEst_section.dat
+ for K in {1980..2018}
+ /gpfswork/rech/cli/uor98hu//CDFTOOLS/bin/cdf_xtrac_brokenline -t /gpfsstore/rech/cli/rcli002/eORCA025.L75/eORCA025.L75-IMHOTEP.GAI-S/1y/2004/eORCA025.L75-IMHOTEP.GAI_y2004.1y_gridT.nc -u /gpfsstore/rech/cli/rcli002/eORCA025.L75/eORCA025.L75-IMHOTEP.GAI-S/1y/2004/eORCA025.L75-IMHOTEP.GAI_y2004.1y_gridU.nc -v /gpfsstore/rech/cli/rcli002/eORCA025.L75/eORCA025.L75-IMHOTEP.GAI-S/1y/2004/eORCA025.L75-IMHOTEP.GAI_y2004.1y_gridV.nc -l section_GrEst.txt -vecrot -vt -mxl /gpfsstore/rech/cli/rcli002/eORCA025.L75/eORCA025.L75-IMHOTEP.GAI-S/1y/2004/eORCA025.L75-IMHOTEP.GAI_y2004.1y_gridTsurf.nc -mld -b /gpfsstore/rech/cli/rcli002/eORCA025.L75/eORCA025.L75-I/eORCA025.L75_Bathymetry.nc
+ mv section_GrEst.nc /gpfsscratch/rech/cli/uor98hu/xtrac_brokenline/GAI/GAI_1y_2004_section_GrEst.nc
+ rm -f section_GrEst_section.dat
+ for K in {1980..2018}
+ /gpfswork/rech/cli/uor98hu//CDFTOOLS/bin/cdf_xtrac_brokenline -t /gpfsstore/rech/cli/rcli002/eORCA025.L75/eORCA025.L75-IMHOTEP.GAI-S/1y/2005/eORCA025.L75-IMHOTEP.GAI_y2005.1y_gridT.nc -u /gpfsstore/rech/cli/rcli002/eORCA025.L75/eORCA025.L75-IMHOTEP.GAI-S/1y/2005/eORCA025.L75-IMHOTEP.GAI_y2005.1y_gridU.nc -v /gpfsstore/rech/cli/rcli002/eORCA025.L75/eORCA025.L75-IMHOTEP.GAI-S/1y/2005/eORCA025.L75-IMHOTEP.GAI_y2005.1y_gridV.nc -l section_GrEst.txt -vecrot -vt -mxl /gpfsstore/rech/cli/rcli002/eORCA025.L75/eORCA025.L75-IMHOTEP.GAI-S/1y/2005/eORCA025.L75-IMHOTEP.GAI_y2005.1y_gridTsurf.nc -mld -b /gpfsstore/rech/cli/rcli002/eORCA025.L75/eORCA025.L75-I/eORCA025.L75_Bathymetry.nc
+ mv section_GrEst.nc /gpfsscratch/rech/cli/uor98hu/xtrac_brokenline/GAI/GAI_1y_2005_section_GrEst.nc
+ rm -f section_GrEst_section.dat
+ for K in {1980..2018}
+ /gpfswork/rech/cli/uor98hu//CDFTOOLS/bin/cdf_xtrac_brokenline -t /gpfsstore/rech/cli/rcli002/eORCA025.L75/eORCA025.L75-IMHOTEP.GAI-S/1y/2006/eORCA025.L75-IMHOTEP.GAI_y2006.1y_gridT.nc -u /gpfsstore/rech/cli/rcli002/eORCA025.L75/eORCA025.L75-IMHOTEP.GAI-S/1y/2006/eORCA025.L75-IMHOTEP.GAI_y2006.1y_gridU.nc -v /gpfsstore/rech/cli/rcli002/eORCA025.L75/eORCA025.L75-IMHOTEP.GAI-S/1y/2006/eORCA025.L75-IMHOTEP.GAI_y2006.1y_gridV.nc -l section_GrEst.txt -vecrot -vt -mxl /gpfsstore/rech/cli/rcli002/eORCA025.L75/eORCA025.L75-IMHOTEP.GAI-S/1y/2006/eORCA025.L75-IMHOTEP.GAI_y2006.1y_gridTsurf.nc -mld -b /gpfsstore/rech/cli/rcli002/eORCA025.L75/eORCA025.L75-I/eORCA025.L75_Bathymetry.nc
+ mv section_GrEst.nc /gpfsscratch/rech/cli/uor98hu/xtrac_brokenline/GAI/GAI_1y_2006_section_GrEst.nc
+ rm -f section_GrEst_section.dat
+ for K in {1980..2018}
+ /gpfswork/rech/cli/uor98hu//CDFTOOLS/bin/cdf_xtrac_brokenline -t /gpfsstore/rech/cli/rcli002/eORCA025.L75/eORCA025.L75-IMHOTEP.GAI-S/1y/2007/eORCA025.L75-IMHOTEP.GAI_y2007.1y_gridT.nc -u /gpfsstore/rech/cli/rcli002/eORCA025.L75/eORCA025.L75-IMHOTEP.GAI-S/1y/2007/eORCA025.L75-IMHOTEP.GAI_y2007.1y_gridU.nc -v /gpfsstore/rech/cli/rcli002/eORCA025.L75/eORCA025.L75-IMHOTEP.GAI-S/1y/2007/eORCA025.L75-IMHOTEP.GAI_y2007.1y_gridV.nc -l section_GrEst.txt -vecrot -vt -mxl /gpfsstore/rech/cli/rcli002/eORCA025.L75/eORCA025.L75-IMHOTEP.GAI-S/1y/2007/eORCA025.L75-IMHOTEP.GAI_y2007.1y_gridTsurf.nc -mld -b /gpfsstore/rech/cli/rcli002/eORCA025.L75/eORCA025.L75-I/eORCA025.L75_Bathymetry.nc
+ mv section_GrEst.nc /gpfsscratch/rech/cli/uor98hu/xtrac_brokenline/GAI/GAI_1y_2007_section_GrEst.nc
+ rm -f section_GrEst_section.dat
+ for K in {1980..2018}
+ /gpfswork/rech/cli/uor98hu//CDFTOOLS/bin/cdf_xtrac_brokenline -t /gpfsstore/rech/cli/rcli002/eORCA025.L75/eORCA025.L75-IMHOTEP.GAI-S/1y/2008/eORCA025.L75-IMHOTEP.GAI_y2008.1y_gridT.nc -u /gpfsstore/rech/cli/rcli002/eORCA025.L75/eORCA025.L75-IMHOTEP.GAI-S/1y/2008/eORCA025.L75-IMHOTEP.GAI_y2008.1y_gridU.nc -v /gpfsstore/rech/cli/rcli002/eORCA025.L75/eORCA025.L75-IMHOTEP.GAI-S/1y/2008/eORCA025.L75-IMHOTEP.GAI_y2008.1y_gridV.nc -l section_GrEst.txt -vecrot -vt -mxl /gpfsstore/rech/cli/rcli002/eORCA025.L75/eORCA025.L75-IMHOTEP.GAI-S/1y/2008/eORCA025.L75-IMHOTEP.GAI_y2008.1y_gridTsurf.nc -mld -b /gpfsstore/rech/cli/rcli002/eORCA025.L75/eORCA025.L75-I/eORCA025.L75_Bathymetry.nc
+ mv section_GrEst.nc /gpfsscratch/rech/cli/uor98hu/xtrac_brokenline/GAI/GAI_1y_2008_section_GrEst.nc
+ rm -f section_GrEst_section.dat
+ for K in {1980..2018}
+ /gpfswork/rech/cli/uor98hu//CDFTOOLS/bin/cdf_xtrac_brokenline -t /gpfsstore/rech/cli/rcli002/eORCA025.L75/eORCA025.L75-IMHOTEP.GAI-S/1y/2009/eORCA025.L75-IMHOTEP.GAI_y2009.1y_gridT.nc -u /gpfsstore/rech/cli/rcli002/eORCA025.L75/eORCA025.L75-IMHOTEP.GAI-S/1y/2009/eORCA025.L75-IMHOTEP.GAI_y2009.1y_gridU.nc -v /gpfsstore/rech/cli/rcli002/eORCA025.L75/eORCA025.L75-IMHOTEP.GAI-S/1y/2009/eORCA025.L75-IMHOTEP.GAI_y2009.1y_gridV.nc -l section_GrEst.txt -vecrot -vt -mxl /gpfsstore/rech/cli/rcli002/eORCA025.L75/eORCA025.L75-IMHOTEP.GAI-S/1y/2009/eORCA025.L75-IMHOTEP.GAI_y2009.1y_gridTsurf.nc -mld -b /gpfsstore/rech/cli/rcli002/eORCA025.L75/eORCA025.L75-I/eORCA025.L75_Bathymetry.nc
+ mv section_GrEst.nc /gpfsscratch/rech/cli/uor98hu/xtrac_brokenline/GAI/GAI_1y_2009_section_GrEst.nc
+ rm -f section_GrEst_section.dat
+ for K in {1980..2018}
+ /gpfswork/rech/cli/uor98hu//CDFTOOLS/bin/cdf_xtrac_brokenline -t /gpfsstore/rech/cli/rcli002/eORCA025.L75/eORCA025.L75-IMHOTEP.GAI-S/1y/2010/eORCA025.L75-IMHOTEP.GAI_y2010.1y_gridT.nc -u /gpfsstore/rech/cli/rcli002/eORCA025.L75/eORCA025.L75-IMHOTEP.GAI-S/1y/2010/eORCA025.L75-IMHOTEP.GAI_y2010.1y_gridU.nc -v /gpfsstore/rech/cli/rcli002/eORCA025.L75/eORCA025.L75-IMHOTEP.GAI-S/1y/2010/eORCA025.L75-IMHOTEP.GAI_y2010.1y_gridV.nc -l section_GrEst.txt -vecrot -vt -mxl /gpfsstore/rech/cli/rcli002/eORCA025.L75/eORCA025.L75-IMHOTEP.GAI-S/1y/2010/eORCA025.L75-IMHOTEP.GAI_y2010.1y_gridTsurf.nc -mld -b /gpfsstore/rech/cli/rcli002/eORCA025.L75/eORCA025.L75-I/eORCA025.L75_Bathymetry.nc
+ mv section_GrEst.nc /gpfsscratch/rech/cli/uor98hu/xtrac_brokenline/GAI/GAI_1y_2010_section_GrEst.nc
+ rm -f section_GrEst_section.dat
+ for K in {1980..2018}
+ /gpfswork/rech/cli/uor98hu//CDFTOOLS/bin/cdf_xtrac_brokenline -t /gpfsstore/rech/cli/rcli002/eORCA025.L75/eORCA025.L75-IMHOTEP.GAI-S/1y/2011/eORCA025.L75-IMHOTEP.GAI_y2011.1y_gridT.nc -u /gpfsstore/rech/cli/rcli002/eORCA025.L75/eORCA025.L75-IMHOTEP.GAI-S/1y/2011/eORCA025.L75-IMHOTEP.GAI_y2011.1y_gridU.nc -v /gpfsstore/rech/cli/rcli002/eORCA025.L75/eORCA025.L75-IMHOTEP.GAI-S/1y/2011/eORCA025.L75-IMHOTEP.GAI_y2011.1y_gridV.nc -l section_GrEst.txt -vecrot -vt -mxl /gpfsstore/rech/cli/rcli002/eORCA025.L75/eORCA025.L75-IMHOTEP.GAI-S/1y/2011/eORCA025.L75-IMHOTEP.GAI_y2011.1y_gridTsurf.nc -mld -b /gpfsstore/rech/cli/rcli002/eORCA025.L75/eORCA025.L75-I/eORCA025.L75_Bathymetry.nc
+ mv section_GrEst.nc /gpfsscratch/rech/cli/uor98hu/xtrac_brokenline/GAI/GAI_1y_2011_section_GrEst.nc
+ rm -f section_GrEst_section.dat
+ for K in {1980..2018}
+ /gpfswork/rech/cli/uor98hu//CDFTOOLS/bin/cdf_xtrac_brokenline -t /gpfsstore/rech/cli/rcli002/eORCA025.L75/eORCA025.L75-IMHOTEP.GAI-S/1y/2012/eORCA025.L75-IMHOTEP.GAI_y2012.1y_gridT.nc -u /gpfsstore/rech/cli/rcli002/eORCA025.L75/eORCA025.L75-IMHOTEP.GAI-S/1y/2012/eORCA025.L75-IMHOTEP.GAI_y2012.1y_gridU.nc -v /gpfsstore/rech/cli/rcli002/eORCA025.L75/eORCA025.L75-IMHOTEP.GAI-S/1y/2012/eORCA025.L75-IMHOTEP.GAI_y2012.1y_gridV.nc -l section_GrEst.txt -vecrot -vt -mxl /gpfsstore/rech/cli/rcli002/eORCA025.L75/eORCA025.L75-IMHOTEP.GAI-S/1y/2012/eORCA025.L75-IMHOTEP.GAI_y2012.1y_gridTsurf.nc -mld -b /gpfsstore/rech/cli/rcli002/eORCA025.L75/eORCA025.L75-I/eORCA025.L75_Bathymetry.nc
+ mv section_GrEst.nc /gpfsscratch/rech/cli/uor98hu/xtrac_brokenline/GAI/GAI_1y_2012_section_GrEst.nc
+ rm -f section_GrEst_section.dat
+ for K in {1980..2018}
+ /gpfswork/rech/cli/uor98hu//CDFTOOLS/bin/cdf_xtrac_brokenline -t /gpfsstore/rech/cli/rcli002/eORCA025.L75/eORCA025.L75-IMHOTEP.GAI-S/1y/2013/eORCA025.L75-IMHOTEP.GAI_y2013.1y_gridT.nc -u /gpfsstore/rech/cli/rcli002/eORCA025.L75/eORCA025.L75-IMHOTEP.GAI-S/1y/2013/eORCA025.L75-IMHOTEP.GAI_y2013.1y_gridU.nc -v /gpfsstore/rech/cli/rcli002/eORCA025.L75/eORCA025.L75-IMHOTEP.GAI-S/1y/2013/eORCA025.L75-IMHOTEP.GAI_y2013.1y_gridV.nc -l section_GrEst.txt -vecrot -vt -mxl /gpfsstore/rech/cli/rcli002/eORCA025.L75/eORCA025.L75-IMHOTEP.GAI-S/1y/2013/eORCA025.L75-IMHOTEP.GAI_y2013.1y_gridTsurf.nc -mld -b /gpfsstore/rech/cli/rcli002/eORCA025.L75/eORCA025.L75-I/eORCA025.L75_Bathymetry.nc
+ mv section_GrEst.nc /gpfsscratch/rech/cli/uor98hu/xtrac_brokenline/GAI/GAI_1y_2013_section_GrEst.nc
+ rm -f section_GrEst_section.dat
+ for K in {1980..2018}
+ /gpfswork/rech/cli/uor98hu//CDFTOOLS/bin/cdf_xtrac_brokenline -t /gpfsstore/rech/cli/rcli002/eORCA025.L75/eORCA025.L75-IMHOTEP.GAI-S/1y/2014/eORCA025.L75-IMHOTEP.GAI_y2014.1y_gridT.nc -u /gpfsstore/rech/cli/rcli002/eORCA025.L75/eORCA025.L75-IMHOTEP.GAI-S/1y/2014/eORCA025.L75-IMHOTEP.GAI_y2014.1y_gridU.nc -v /gpfsstore/rech/cli/rcli002/eORCA025.L75/eORCA025.L75-IMHOTEP.GAI-S/1y/2014/eORCA025.L75-IMHOTEP.GAI_y2014.1y_gridV.nc -l section_GrEst.txt -vecrot -vt -mxl /gpfsstore/rech/cli/rcli002/eORCA025.L75/eORCA025.L75-IMHOTEP.GAI-S/1y/2014/eORCA025.L75-IMHOTEP.GAI_y2014.1y_gridTsurf.nc -mld -b /gpfsstore/rech/cli/rcli002/eORCA025.L75/eORCA025.L75-I/eORCA025.L75_Bathymetry.nc
+ mv section_GrEst.nc /gpfsscratch/rech/cli/uor98hu/xtrac_brokenline/GAI/GAI_1y_2014_section_GrEst.nc
+ rm -f section_GrEst_section.dat
+ for K in {1980..2018}
+ /gpfswork/rech/cli/uor98hu//CDFTOOLS/bin/cdf_xtrac_brokenline -t /gpfsstore/rech/cli/rcli002/eORCA025.L75/eORCA025.L75-IMHOTEP.GAI-S/1y/2015/eORCA025.L75-IMHOTEP.GAI_y2015.1y_gridT.nc -u /gpfsstore/rech/cli/rcli002/eORCA025.L75/eORCA025.L75-IMHOTEP.GAI-S/1y/2015/eORCA025.L75-IMHOTEP.GAI_y2015.1y_gridU.nc -v /gpfsstore/rech/cli/rcli002/eORCA025.L75/eORCA025.L75-IMHOTEP.GAI-S/1y/2015/eORCA025.L75-IMHOTEP.GAI_y2015.1y_gridV.nc -l section_GrEst.txt -vecrot -vt -mxl /gpfsstore/rech/cli/rcli002/eORCA025.L75/eORCA025.L75-IMHOTEP.GAI-S/1y/2015/eORCA025.L75-IMHOTEP.GAI_y2015.1y_gridTsurf.nc -mld -b /gpfsstore/rech/cli/rcli002/eORCA025.L75/eORCA025.L75-I/eORCA025.L75_Bathymetry.nc
+ mv section_GrEst.nc /gpfsscratch/rech/cli/uor98hu/xtrac_brokenline/GAI/GAI_1y_2015_section_GrEst.nc
+ rm -f section_GrEst_section.dat
+ for K in {1980..2018}
+ /gpfswork/rech/cli/uor98hu//CDFTOOLS/bin/cdf_xtrac_brokenline -t /gpfsstore/rech/cli/rcli002/eORCA025.L75/eORCA025.L75-IMHOTEP.GAI-S/1y/2016/eORCA025.L75-IMHOTEP.GAI_y2016.1y_gridT.nc -u /gpfsstore/rech/cli/rcli002/eORCA025.L75/eORCA025.L75-IMHOTEP.GAI-S/1y/2016/eORCA025.L75-IMHOTEP.GAI_y2016.1y_gridU.nc -v /gpfsstore/rech/cli/rcli002/eORCA025.L75/eORCA025.L75-IMHOTEP.GAI-S/1y/2016/eORCA025.L75-IMHOTEP.GAI_y2016.1y_gridV.nc -l section_GrEst.txt -vecrot -vt -mxl /gpfsstore/rech/cli/rcli002/eORCA025.L75/eORCA025.L75-IMHOTEP.GAI-S/1y/2016/eORCA025.L75-IMHOTEP.GAI_y2016.1y_gridTsurf.nc -mld -b /gpfsstore/rech/cli/rcli002/eORCA025.L75/eORCA025.L75-I/eORCA025.L75_Bathymetry.nc
+ mv section_GrEst.nc /gpfsscratch/rech/cli/uor98hu/xtrac_brokenline/GAI/GAI_1y_2016_section_GrEst.nc
+ rm -f section_GrEst_section.dat
+ for K in {1980..2018}
+ /gpfswork/rech/cli/uor98hu//CDFTOOLS/bin/cdf_xtrac_brokenline -t /gpfsstore/rech/cli/rcli002/eORCA025.L75/eORCA025.L75-IMHOTEP.GAI-S/1y/2017/eORCA025.L75-IMHOTEP.GAI_y2017.1y_gridT.nc -u /gpfsstore/rech/cli/rcli002/eORCA025.L75/eORCA025.L75-IMHOTEP.GAI-S/1y/2017/eORCA025.L75-IMHOTEP.GAI_y2017.1y_gridU.nc -v /gpfsstore/rech/cli/rcli002/eORCA025.L75/eORCA025.L75-IMHOTEP.GAI-S/1y/2017/eORCA025.L75-IMHOTEP.GAI_y2017.1y_gridV.nc -l section_GrEst.txt -vecrot -vt -mxl /gpfsstore/rech/cli/rcli002/eORCA025.L75/eORCA025.L75-IMHOTEP.GAI-S/1y/2017/eORCA025.L75-IMHOTEP.GAI_y2017.1y_gridTsurf.nc -mld -b /gpfsstore/rech/cli/rcli002/eORCA025.L75/eORCA025.L75-I/eORCA025.L75_Bathymetry.nc
+ mv section_GrEst.nc /gpfsscratch/rech/cli/uor98hu/xtrac_brokenline/GAI/GAI_1y_2017_section_GrEst.nc
+ rm -f section_GrEst_section.dat
+ for K in {1980..2018}
+ /gpfswork/rech/cli/uor98hu//CDFTOOLS/bin/cdf_xtrac_brokenline -t /gpfsstore/rech/cli/rcli002/eORCA025.L75/eORCA025.L75-IMHOTEP.GAI-S/1y/2018/eORCA025.L75-IMHOTEP.GAI_y2018.1y_gridT.nc -u /gpfsstore/rech/cli/rcli002/eORCA025.L75/eORCA025.L75-IMHOTEP.GAI-S/1y/2018/eORCA025.L75-IMHOTEP.GAI_y2018.1y_gridU.nc -v /gpfsstore/rech/cli/rcli002/eORCA025.L75/eORCA025.L75-IMHOTEP.GAI-S/1y/2018/eORCA025.L75-IMHOTEP.GAI_y2018.1y_gridV.nc -l section_GrEst.txt -vecrot -vt -mxl /gpfsstore/rech/cli/rcli002/eORCA025.L75/eORCA025.L75-IMHOTEP.GAI-S/1y/2018/eORCA025.L75-IMHOTEP.GAI_y2018.1y_gridTsurf.nc -mld -b /gpfsstore/rech/cli/rcli002/eORCA025.L75/eORCA025.L75-I/eORCA025.L75_Bathymetry.nc
+ mv section_GrEst.nc /gpfsscratch/rech/cli/uor98hu/xtrac_brokenline/GAI/GAI_1y_2018_section_GrEst.nc
+ rm -f section_GrEst_section.dat
