1985
month 01
S
AI
saving
saving U_G
saving V_G
saving S_G
month 02
S
AI
saving
saving U_G
saving V_G
saving S_G
month 03
S
AI
saving
saving U_G
saving V_G
saving S_G
month 04
S
AI
saving
saving U_G
saving V_G
saving S_G
month 05
S
AI
saving
saving U_G
saving V_G
saving S_G
month 06
S
AI
saving
saving U_G
saving V_G
saving S_G
month 07
S
AI
saving
saving U_G
saving V_G
saving S_G
month 08
S
AI
saving
saving U_G
saving V_G
saving S_G
month 09
S
AI
saving
saving U_G
saving V_G
saving S_G
month 10
S
AI
saving
saving U_G
saving V_G
saving S_G
month 11
S
AI
saving
saving U_G
saving V_G
saving S_G
month 12
S
AI
saving
saving U_G
saving V_G
saving S_G
1986
month 01
S
AI
saving
saving U_G
saving V_G
saving S_G
month 02
S
AI
saving
saving U_G
saving V_G
saving S_G
month 03
S
AI
saving
saving U_G
saving V_G
saving S_G
month 04
S
AI
saving
saving U_G
saving V_G
saving S_G
month 05
S
AI
saving
saving U_G
saving V_G
saving S_G
month 06
S
AI
saving
saving U_G
saving V_G
saving S_G
month 07
S
AI
saving
saving U_G
saving V_G
saving S_G
month 08
S
AI
saving
saving U_G
saving V_G
saving S_G
month 09
S
AI
saving
saving U_G
saving V_G
saving S_G
month 10
S
AI
saving
saving U_G
saving V_G
saving S_G
month 11
S
AI
saving
saving U_G
saving V_G
saving S_G
month 12
S
AI
saving
saving U_G
saving V_G
saving S_G
1987
month 01
S
AI
saving
saving U_G
saving V_G
saving S_G
month 02
S
AI
saving
saving U_G
saving V_G
saving S_G
month 03
S
AI
saving
saving U_G
saving V_G
saving S_G
month 04
S
AI
saving
saving U_G
saving V_G
saving S_G
month 05
S
AI
saving
saving U_G
saving V_G
saving S_G
month 06
S
AI
saving
saving U_G
saving V_G
saving S_G
month 07
S
AI
saving
saving U_G
saving V_G
saving S_G
month 08
S
AI
saving
saving U_G
saving V_G
saving S_G
month 09
S
AI
saving
saving U_G
saving V_G
saving S_G
month 10
S
AI
saving
saving U_G
saving V_G
saving S_G
month 11
S
AI
saving
saving U_G
saving V_G
saving S_G
month 12
S
AI
saving
saving U_G
saving V_G
saving S_G
1988
month 01
S
AI
saving
saving U_G
saving V_G
saving S_G
month 02
S
AI
saving
saving U_G
saving V_G
saving S_G
month 03
S
AI
saving
saving U_G
saving V_G
saving S_G
month 04
S
AI
saving
saving U_G
saving V_G
saving S_G
month 05
S
AI
saving
saving U_G
saving V_G
saving S_G
month 06
S
AI
saving
saving U_G
saving V_G
saving S_G
month 07
S
AI
saving
saving U_G
saving V_G
saving S_G
month 08
S
AI
saving
saving U_G
saving V_G
saving S_G
month 09
S
AI
saving
saving U_G
saving V_G
saving S_G
month 10
S
AI
saving
saving U_G
saving V_G
saving S_G
month 11
S
AI
saving
saving U_G
saving V_G
saving S_G
month 12
S
AI
saving
saving U_G
saving V_G
saving S_G
1989
month 01
S
AI
saving
saving U_G
saving V_G
saving S_G
month 02
S
AI
saving
saving U_G
saving V_G
saving S_G
month 03
S
AI
saving
saving U_G
saving V_G
saving S_G
month 04
S
AI
saving
saving U_G
saving V_G
saving S_G
month 05
S
AI
saving
saving U_G
saving V_G
saving S_G
month 06
S
AI
saving
saving U_G
saving V_G
saving S_G
month 07
S
AI
saving
saving U_G
saving V_G
saving S_G
month 08
S
AI
saving
saving U_G
saving V_G
saving S_G
month 09
S
AI
saving
saving U_G
saving V_G
saving S_G
month 10
S
AI
saving
saving U_G
saving V_G
saving S_G
month 11
S
AI
saving
saving U_G
saving V_G
saving S_G
month 12
S
AI
saving
saving U_G
saving V_G
saving S_G
