  mesh_zgr version is v3.6
  |---------|--------------------|--------------------| 
  |    Section :                     section_GrEst    |
  |---------|--------------------|--------------------| 
  |  Leg #  |    Start point     |      End point     | 
  |---------|--------------------|--------------------| 
  |     1   |  79.50 N  -19.90 E |  79.50 N   11.20 E |
  |        F| I = 1060, J = 1115 | I = 1107, J = 1126 |
  |      mod|  79.49 N  -19.77 E |  79.46 N   11.05 E |
  |         |      LAND          |     LAND           | 
  |---------|--------------------|--------------------| 
Section :  section_GrEst BAROTROPIC TRANSPORT at time   1 =    1.590 Sv.
  mesh_zgr version is v3.6
  |---------|--------------------|--------------------| 
  |    Section :                     section_GrEst    |
  |---------|--------------------|--------------------| 
  |  Leg #  |    Start point     |      End point     | 
  |---------|--------------------|--------------------| 
  |     1   |  79.50 N  -19.90 E |  79.50 N   11.20 E |
  |        F| I = 1060, J = 1115 | I = 1107, J = 1126 |
  |      mod|  79.49 N  -19.77 E |  79.46 N   11.05 E |
  |         |      LAND          |     LAND           | 
  |---------|--------------------|--------------------| 
Section :  section_GrEst BAROTROPIC TRANSPORT at time   1 =    1.420 Sv.
  mesh_zgr version is v3.6
  |---------|--------------------|--------------------| 
  |    Section :                     section_GrEst    |
  |---------|--------------------|--------------------| 
  |  Leg #  |    Start point     |      End point     | 
  |---------|--------------------|--------------------| 
  |     1   |  79.50 N  -19.90 E |  79.50 N   11.20 E |
  |        F| I = 1060, J = 1115 | I = 1107, J = 1126 |
  |      mod|  79.49 N  -19.77 E |  79.46 N   11.05 E |
  |         |      LAND          |     LAND           | 
  |---------|--------------------|--------------------| 
Section :  section_GrEst BAROTROPIC TRANSPORT at time   1 =    1.705 Sv.
  mesh_zgr version is v3.6
  |---------|--------------------|--------------------| 
  |    Section :                     section_GrEst    |
  |---------|--------------------|--------------------| 
  |  Leg #  |    Start point     |      End point     | 
  |---------|--------------------|--------------------| 
  |     1   |  79.50 N  -19.90 E |  79.50 N   11.20 E |
  |        F| I = 1060, J = 1115 | I = 1107, J = 1126 |
  |      mod|  79.49 N  -19.77 E |  79.46 N   11.05 E |
  |         |      LAND          |     LAND           | 
  |---------|--------------------|--------------------| 
Section :  section_GrEst BAROTROPIC TRANSPORT at time   1 =    1.354 Sv.
  mesh_zgr version is v3.6
  |---------|--------------------|--------------------| 
  |    Section :                     section_GrEst    |
  |---------|--------------------|--------------------| 
  |  Leg #  |    Start point     |      End point     | 
  |---------|--------------------|--------------------| 
  |     1   |  79.50 N  -19.90 E |  79.50 N   11.20 E |
  |        F| I = 1060, J = 1115 | I = 1107, J = 1126 |
  |      mod|  79.49 N  -19.77 E |  79.46 N   11.05 E |
  |         |      LAND          |     LAND           | 
  |---------|--------------------|--------------------| 
Section :  section_GrEst BAROTROPIC TRANSPORT at time   1 =    0.576 Sv.
  mesh_zgr version is v3.6
  |---------|--------------------|--------------------| 
  |    Section :                     section_GrEst    |
  |---------|--------------------|--------------------| 
  |  Leg #  |    Start point     |      End point     | 
  |---------|--------------------|--------------------| 
  |     1   |  79.50 N  -19.90 E |  79.50 N   11.20 E |
  |        F| I = 1060, J = 1115 | I = 1107, J = 1126 |
  |      mod|  79.49 N  -19.77 E |  79.46 N   11.05 E |
  |         |      LAND          |     LAND           | 
  |---------|--------------------|--------------------| 
Section :  section_GrEst BAROTROPIC TRANSPORT at time   1 =    1.098 Sv.
  mesh_zgr version is v3.6
  |---------|--------------------|--------------------| 
  |    Section :                     section_GrEst    |
  |---------|--------------------|--------------------| 
  |  Leg #  |    Start point     |      End point     | 
  |---------|--------------------|--------------------| 
  |     1   |  79.50 N  -19.90 E |  79.50 N   11.20 E |
  |        F| I = 1060, J = 1115 | I = 1107, J = 1126 |
  |      mod|  79.49 N  -19.77 E |  79.46 N   11.05 E |
  |         |      LAND          |     LAND           | 
  |---------|--------------------|--------------------| 
Section :  section_GrEst BAROTROPIC TRANSPORT at time   1 =    1.079 Sv.
  mesh_zgr version is v3.6
  |---------|--------------------|--------------------| 
  |    Section :                     section_GrEst    |
  |---------|--------------------|--------------------| 
  |  Leg #  |    Start point     |      End point     | 
  |---------|--------------------|--------------------| 
  |     1   |  79.50 N  -19.90 E |  79.50 N   11.20 E |
  |        F| I = 1060, J = 1115 | I = 1107, J = 1126 |
  |      mod|  79.49 N  -19.77 E |  79.46 N   11.05 E |
  |         |      LAND          |     LAND           | 
  |---------|--------------------|--------------------| 
Section :  section_GrEst BAROTROPIC TRANSPORT at time   1 =    0.653 Sv.
  mesh_zgr version is v3.6
  |---------|--------------------|--------------------| 
  |    Section :                     section_GrEst    |
  |---------|--------------------|--------------------| 
  |  Leg #  |    Start point     |      End point     | 
  |---------|--------------------|--------------------| 
  |     1   |  79.50 N  -19.90 E |  79.50 N   11.20 E |
  |        F| I = 1060, J = 1115 | I = 1107, J = 1126 |
  |      mod|  79.49 N  -19.77 E |  79.46 N   11.05 E |
  |         |      LAND          |     LAND           | 
  |---------|--------------------|--------------------| 
Section :  section_GrEst BAROTROPIC TRANSPORT at time   1 =    1.035 Sv.
  mesh_zgr version is v3.6
  |---------|--------------------|--------------------| 
  |    Section :                     section_GrEst    |
  |---------|--------------------|--------------------| 
  |  Leg #  |    Start point     |      End point     | 
  |---------|--------------------|--------------------| 
  |     1   |  79.50 N  -19.90 E |  79.50 N   11.20 E |
  |        F| I = 1060, J = 1115 | I = 1107, J = 1126 |
  |      mod|  79.49 N  -19.77 E |  79.46 N   11.05 E |
  |         |      LAND          |     LAND           | 
  |---------|--------------------|--------------------| 
Section :  section_GrEst BAROTROPIC TRANSPORT at time   1 =    0.986 Sv.
  mesh_zgr version is v3.6
  |---------|--------------------|--------------------| 
  |    Section :                     section_GrEst    |
  |---------|--------------------|--------------------| 
  |  Leg #  |    Start point     |      End point     | 
  |---------|--------------------|--------------------| 
  |     1   |  79.50 N  -19.90 E |  79.50 N   11.20 E |
  |        F| I = 1060, J = 1115 | I = 1107, J = 1126 |
  |      mod|  79.49 N  -19.77 E |  79.46 N   11.05 E |
  |         |      LAND          |     LAND           | 
  |---------|--------------------|--------------------| 
Section :  section_GrEst BAROTROPIC TRANSPORT at time   1 =    1.160 Sv.
  mesh_zgr version is v3.6
  |---------|--------------------|--------------------| 
  |    Section :                     section_GrEst    |
  |---------|--------------------|--------------------| 
  |  Leg #  |    Start point     |      End point     | 
  |---------|--------------------|--------------------| 
  |     1   |  79.50 N  -19.90 E |  79.50 N   11.20 E |
  |        F| I = 1060, J = 1115 | I = 1107, J = 1126 |
  |      mod|  79.49 N  -19.77 E |  79.46 N   11.05 E |
  |         |      LAND          |     LAND           | 
  |---------|--------------------|--------------------| 
Section :  section_GrEst BAROTROPIC TRANSPORT at time   1 =    0.973 Sv.
  mesh_zgr version is v3.6
  |---------|--------------------|--------------------| 
  |    Section :                     section_GrEst    |
  |---------|--------------------|--------------------| 
  |  Leg #  |    Start point     |      End point     | 
  |---------|--------------------|--------------------| 
  |     1   |  79.50 N  -19.90 E |  79.50 N   11.20 E |
  |        F| I = 1060, J = 1115 | I = 1107, J = 1126 |
  |      mod|  79.49 N  -19.77 E |  79.46 N   11.05 E |
  |         |      LAND          |     LAND           | 
  |---------|--------------------|--------------------| 
Section :  section_GrEst BAROTROPIC TRANSPORT at time   1 =    0.870 Sv.
  mesh_zgr version is v3.6
  |---------|--------------------|--------------------| 
  |    Section :                     section_GrEst    |
  |---------|--------------------|--------------------| 
  |  Leg #  |    Start point     |      End point     | 
  |---------|--------------------|--------------------| 
  |     1   |  79.50 N  -19.90 E |  79.50 N   11.20 E |
  |        F| I = 1060, J = 1115 | I = 1107, J = 1126 |
  |      mod|  79.49 N  -19.77 E |  79.46 N   11.05 E |
  |         |      LAND          |     LAND           | 
  |---------|--------------------|--------------------| 
Section :  section_GrEst BAROTROPIC TRANSPORT at time   1 =    0.599 Sv.
  mesh_zgr version is v3.6
  |---------|--------------------|--------------------| 
  |    Section :                     section_GrEst    |
  |---------|--------------------|--------------------| 
  |  Leg #  |    Start point     |      End point     | 
  |---------|--------------------|--------------------| 
  |     1   |  79.50 N  -19.90 E |  79.50 N   11.20 E |
  |        F| I = 1060, J = 1115 | I = 1107, J = 1126 |
  |      mod|  79.49 N  -19.77 E |  79.46 N   11.05 E |
  |         |      LAND          |     LAND           | 
  |---------|--------------------|--------------------| 
Section :  section_GrEst BAROTROPIC TRANSPORT at time   1 =    0.511 Sv.
  mesh_zgr version is v3.6
  |---------|--------------------|--------------------| 
  |    Section :                     section_GrEst    |
  |---------|--------------------|--------------------| 
  |  Leg #  |    Start point     |      End point     | 
  |---------|--------------------|--------------------| 
  |     1   |  79.50 N  -19.90 E |  79.50 N   11.20 E |
  |        F| I = 1060, J = 1115 | I = 1107, J = 1126 |
  |      mod|  79.49 N  -19.77 E |  79.46 N   11.05 E |
  |         |      LAND          |     LAND           | 
  |---------|--------------------|--------------------| 
Section :  section_GrEst BAROTROPIC TRANSPORT at time   1 =    0.972 Sv.
  mesh_zgr version is v3.6
  |---------|--------------------|--------------------| 
  |    Section :                     section_GrEst    |
  |---------|--------------------|--------------------| 
  |  Leg #  |    Start point     |      End point     | 
  |---------|--------------------|--------------------| 
  |     1   |  79.50 N  -19.90 E |  79.50 N   11.20 E |
  |        F| I = 1060, J = 1115 | I = 1107, J = 1126 |
  |      mod|  79.49 N  -19.77 E |  79.46 N   11.05 E |
  |         |      LAND          |     LAND           | 
  |---------|--------------------|--------------------| 
Section :  section_GrEst BAROTROPIC TRANSPORT at time   1 =    0.935 Sv.
  mesh_zgr version is v3.6
  |---------|--------------------|--------------------| 
  |    Section :                     section_GrEst    |
  |---------|--------------------|--------------------| 
  |  Leg #  |    Start point     |      End point     | 
  |---------|--------------------|--------------------| 
  |     1   |  79.50 N  -19.90 E |  79.50 N   11.20 E |
  |        F| I = 1060, J = 1115 | I = 1107, J = 1126 |
  |      mod|  79.49 N  -19.77 E |  79.46 N   11.05 E |
  |         |      LAND          |     LAND           | 
  |---------|--------------------|--------------------| 
Section :  section_GrEst BAROTROPIC TRANSPORT at time   1 =    0.948 Sv.
  mesh_zgr version is v3.6
  |---------|--------------------|--------------------| 
  |    Section :                     section_GrEst    |
  |---------|--------------------|--------------------| 
  |  Leg #  |    Start point     |      End point     | 
  |---------|--------------------|--------------------| 
  |     1   |  79.50 N  -19.90 E |  79.50 N   11.20 E |
  |        F| I = 1060, J = 1115 | I = 1107, J = 1126 |
  |      mod|  79.49 N  -19.77 E |  79.46 N   11.05 E |
  |         |      LAND          |     LAND           | 
  |---------|--------------------|--------------------| 
Section :  section_GrEst BAROTROPIC TRANSPORT at time   1 =    1.187 Sv.
  mesh_zgr version is v3.6
  |---------|--------------------|--------------------| 
  |    Section :                     section_GrEst    |
  |---------|--------------------|--------------------| 
  |  Leg #  |    Start point     |      End point     | 
  |---------|--------------------|--------------------| 
  |     1   |  79.50 N  -19.90 E |  79.50 N   11.20 E |
  |        F| I = 1060, J = 1115 | I = 1107, J = 1126 |
  |      mod|  79.49 N  -19.77 E |  79.46 N   11.05 E |
  |         |      LAND          |     LAND           | 
  |---------|--------------------|--------------------| 
Section :  section_GrEst BAROTROPIC TRANSPORT at time   1 =    1.581 Sv.
  mesh_zgr version is v3.6
  |---------|--------------------|--------------------| 
  |    Section :                     section_GrEst    |
  |---------|--------------------|--------------------| 
  |  Leg #  |    Start point     |      End point     | 
  |---------|--------------------|--------------------| 
  |     1   |  79.50 N  -19.90 E |  79.50 N   11.20 E |
  |        F| I = 1060, J = 1115 | I = 1107, J = 1126 |
  |      mod|  79.49 N  -19.77 E |  79.46 N   11.05 E |
  |         |      LAND          |     LAND           | 
  |---------|--------------------|--------------------| 
Section :  section_GrEst BAROTROPIC TRANSPORT at time   1 =    1.361 Sv.
  mesh_zgr version is v3.6
  |---------|--------------------|--------------------| 
  |    Section :                     section_GrEst    |
  |---------|--------------------|--------------------| 
  |  Leg #  |    Start point     |      End point     | 
  |---------|--------------------|--------------------| 
  |     1   |  79.50 N  -19.90 E |  79.50 N   11.20 E |
  |        F| I = 1060, J = 1115 | I = 1107, J = 1126 |
  |      mod|  79.49 N  -19.77 E |  79.46 N   11.05 E |
  |         |      LAND          |     LAND           | 
  |---------|--------------------|--------------------| 
Section :  section_GrEst BAROTROPIC TRANSPORT at time   1 =    1.103 Sv.
  mesh_zgr version is v3.6
  |---------|--------------------|--------------------| 
  |    Section :                     section_GrEst    |
  |---------|--------------------|--------------------| 
  |  Leg #  |    Start point     |      End point     | 
  |---------|--------------------|--------------------| 
  |     1   |  79.50 N  -19.90 E |  79.50 N   11.20 E |
  |        F| I = 1060, J = 1115 | I = 1107, J = 1126 |
  |      mod|  79.49 N  -19.77 E |  79.46 N   11.05 E |
  |         |      LAND          |     LAND           | 
  |---------|--------------------|--------------------| 
Section :  section_GrEst BAROTROPIC TRANSPORT at time   1 =    0.698 Sv.
  mesh_zgr version is v3.6
  |---------|--------------------|--------------------| 
  |    Section :                     section_GrEst    |
  |---------|--------------------|--------------------| 
  |  Leg #  |    Start point     |      End point     | 
  |---------|--------------------|--------------------| 
  |     1   |  79.50 N  -19.90 E |  79.50 N   11.20 E |
  |        F| I = 1060, J = 1115 | I = 1107, J = 1126 |
  |      mod|  79.49 N  -19.77 E |  79.46 N   11.05 E |
  |         |      LAND          |     LAND           | 
  |---------|--------------------|--------------------| 
Section :  section_GrEst BAROTROPIC TRANSPORT at time   1 =    1.147 Sv.
  mesh_zgr version is v3.6
  |---------|--------------------|--------------------| 
  |    Section :                     section_GrEst    |
  |---------|--------------------|--------------------| 
  |  Leg #  |    Start point     |      End point     | 
  |---------|--------------------|--------------------| 
  |     1   |  79.50 N  -19.90 E |  79.50 N   11.20 E |
  |        F| I = 1060, J = 1115 | I = 1107, J = 1126 |
  |      mod|  79.49 N  -19.77 E |  79.46 N   11.05 E |
  |         |      LAND          |     LAND           | 
  |---------|--------------------|--------------------| 
Section :  section_GrEst BAROTROPIC TRANSPORT at time   1 =    1.595 Sv.
  mesh_zgr version is v3.6
  |---------|--------------------|--------------------| 
  |    Section :                     section_GrEst    |
  |---------|--------------------|--------------------| 
  |  Leg #  |    Start point     |      End point     | 
  |---------|--------------------|--------------------| 
  |     1   |  79.50 N  -19.90 E |  79.50 N   11.20 E |
  |        F| I = 1060, J = 1115 | I = 1107, J = 1126 |
  |      mod|  79.49 N  -19.77 E |  79.46 N   11.05 E |
  |         |      LAND          |     LAND           | 
  |---------|--------------------|--------------------| 
Section :  section_GrEst BAROTROPIC TRANSPORT at time   1 =    1.687 Sv.
  mesh_zgr version is v3.6
  |---------|--------------------|--------------------| 
  |    Section :                     section_GrEst    |
  |---------|--------------------|--------------------| 
  |  Leg #  |    Start point     |      End point     | 
  |---------|--------------------|--------------------| 
  |     1   |  79.50 N  -19.90 E |  79.50 N   11.20 E |
  |        F| I = 1060, J = 1115 | I = 1107, J = 1126 |
  |      mod|  79.49 N  -19.77 E |  79.46 N   11.05 E |
  |         |      LAND          |     LAND           | 
  |---------|--------------------|--------------------| 
Section :  section_GrEst BAROTROPIC TRANSPORT at time   1 =    1.293 Sv.
  mesh_zgr version is v3.6
  |---------|--------------------|--------------------| 
  |    Section :                     section_GrEst    |
  |---------|--------------------|--------------------| 
  |  Leg #  |    Start point     |      End point     | 
  |---------|--------------------|--------------------| 
  |     1   |  79.50 N  -19.90 E |  79.50 N   11.20 E |
  |        F| I = 1060, J = 1115 | I = 1107, J = 1126 |
  |      mod|  79.49 N  -19.77 E |  79.46 N   11.05 E |
  |         |      LAND          |     LAND           | 
  |---------|--------------------|--------------------| 
Section :  section_GrEst BAROTROPIC TRANSPORT at time   1 =    1.643 Sv.
  mesh_zgr version is v3.6
  |---------|--------------------|--------------------| 
  |    Section :                     section_GrEst    |
  |---------|--------------------|--------------------| 
  |  Leg #  |    Start point     |      End point     | 
  |---------|--------------------|--------------------| 
  |     1   |  79.50 N  -19.90 E |  79.50 N   11.20 E |
  |        F| I = 1060, J = 1115 | I = 1107, J = 1126 |
  |      mod|  79.49 N  -19.77 E |  79.46 N   11.05 E |
  |         |      LAND          |     LAND           | 
  |---------|--------------------|--------------------| 
Section :  section_GrEst BAROTROPIC TRANSPORT at time   1 =    0.818 Sv.
  mesh_zgr version is v3.6
  |---------|--------------------|--------------------| 
  |    Section :                     section_GrEst    |
  |---------|--------------------|--------------------| 
  |  Leg #  |    Start point     |      End point     | 
  |---------|--------------------|--------------------| 
  |     1   |  79.50 N  -19.90 E |  79.50 N   11.20 E |
  |        F| I = 1060, J = 1115 | I = 1107, J = 1126 |
  |      mod|  79.49 N  -19.77 E |  79.46 N   11.05 E |
  |         |      LAND          |     LAND           | 
  |---------|--------------------|--------------------| 
Section :  section_GrEst BAROTROPIC TRANSPORT at time   1 =    0.774 Sv.
  mesh_zgr version is v3.6
  |---------|--------------------|--------------------| 
  |    Section :                     section_GrEst    |
  |---------|--------------------|--------------------| 
  |  Leg #  |    Start point     |      End point     | 
  |---------|--------------------|--------------------| 
  |     1   |  79.50 N  -19.90 E |  79.50 N   11.20 E |
  |        F| I = 1060, J = 1115 | I = 1107, J = 1126 |
  |      mod|  79.49 N  -19.77 E |  79.46 N   11.05 E |
  |         |      LAND          |     LAND           | 
  |---------|--------------------|--------------------| 
Section :  section_GrEst BAROTROPIC TRANSPORT at time   1 =    1.075 Sv.
  mesh_zgr version is v3.6
  |---------|--------------------|--------------------| 
  |    Section :                     section_GrEst    |
  |---------|--------------------|--------------------| 
  |  Leg #  |    Start point     |      End point     | 
  |---------|--------------------|--------------------| 
  |     1   |  79.50 N  -19.90 E |  79.50 N   11.20 E |
  |        F| I = 1060, J = 1115 | I = 1107, J = 1126 |
  |      mod|  79.49 N  -19.77 E |  79.46 N   11.05 E |
  |         |      LAND          |     LAND           | 
  |---------|--------------------|--------------------| 
Section :  section_GrEst BAROTROPIC TRANSPORT at time   1 =    1.073 Sv.
  mesh_zgr version is v3.6
  |---------|--------------------|--------------------| 
  |    Section :                     section_GrEst    |
  |---------|--------------------|--------------------| 
  |  Leg #  |    Start point     |      End point     | 
  |---------|--------------------|--------------------| 
  |     1   |  79.50 N  -19.90 E |  79.50 N   11.20 E |
  |        F| I = 1060, J = 1115 | I = 1107, J = 1126 |
  |      mod|  79.49 N  -19.77 E |  79.46 N   11.05 E |
  |         |      LAND          |     LAND           | 
  |---------|--------------------|--------------------| 
Section :  section_GrEst BAROTROPIC TRANSPORT at time   1 =    0.305 Sv.
  mesh_zgr version is v3.6
  |---------|--------------------|--------------------| 
  |    Section :                     section_GrEst    |
  |---------|--------------------|--------------------| 
  |  Leg #  |    Start point     |      End point     | 
  |---------|--------------------|--------------------| 
  |     1   |  79.50 N  -19.90 E |  79.50 N   11.20 E |
  |        F| I = 1060, J = 1115 | I = 1107, J = 1126 |
  |      mod|  79.49 N  -19.77 E |  79.46 N   11.05 E |
  |         |      LAND          |     LAND           | 
  |---------|--------------------|--------------------| 
Section :  section_GrEst BAROTROPIC TRANSPORT at time   1 =    0.592 Sv.
  mesh_zgr version is v3.6
  |---------|--------------------|--------------------| 
  |    Section :                     section_GrEst    |
  |---------|--------------------|--------------------| 
  |  Leg #  |    Start point     |      End point     | 
  |---------|--------------------|--------------------| 
  |     1   |  79.50 N  -19.90 E |  79.50 N   11.20 E |
  |        F| I = 1060, J = 1115 | I = 1107, J = 1126 |
  |      mod|  79.49 N  -19.77 E |  79.46 N   11.05 E |
  |         |      LAND          |     LAND           | 
  |---------|--------------------|--------------------| 
Section :  section_GrEst BAROTROPIC TRANSPORT at time   1 =    0.413 Sv.
  mesh_zgr version is v3.6
  |---------|--------------------|--------------------| 
  |    Section :                     section_GrEst    |
  |---------|--------------------|--------------------| 
  |  Leg #  |    Start point     |      End point     | 
  |---------|--------------------|--------------------| 
  |     1   |  79.50 N  -19.90 E |  79.50 N   11.20 E |
  |        F| I = 1060, J = 1115 | I = 1107, J = 1126 |
  |      mod|  79.49 N  -19.77 E |  79.46 N   11.05 E |
  |         |      LAND          |     LAND           | 
  |---------|--------------------|--------------------| 
Section :  section_GrEst BAROTROPIC TRANSPORT at time   1 =    0.321 Sv.
  mesh_zgr version is v3.6
  |---------|--------------------|--------------------| 
  |    Section :                     section_GrEst    |
  |---------|--------------------|--------------------| 
  |  Leg #  |    Start point     |      End point     | 
  |---------|--------------------|--------------------| 
  |     1   |  79.50 N  -19.90 E |  79.50 N   11.20 E |
  |        F| I = 1060, J = 1115 | I = 1107, J = 1126 |
  |      mod|  79.49 N  -19.77 E |  79.46 N   11.05 E |
  |         |      LAND          |     LAND           | 
  |---------|--------------------|--------------------| 
Section :  section_GrEst BAROTROPIC TRANSPORT at time   1 =   -0.098 Sv.
  mesh_zgr version is v3.6
  |---------|--------------------|--------------------| 
  |    Section :                     section_GrEst    |
  |---------|--------------------|--------------------| 
  |  Leg #  |    Start point     |      End point     | 
  |---------|--------------------|--------------------| 
  |     1   |  79.50 N  -19.90 E |  79.50 N   11.20 E |
  |        F| I = 1060, J = 1115 | I = 1107, J = 1126 |
  |      mod|  79.49 N  -19.77 E |  79.46 N   11.05 E |
  |         |      LAND          |     LAND           | 
  |---------|--------------------|--------------------| 
Section :  section_GrEst BAROTROPIC TRANSPORT at time   1 =   -0.137 Sv.
  mesh_zgr version is v3.6
  |---------|--------------------|--------------------| 
  |    Section :                     section_GrEst    |
  |---------|--------------------|--------------------| 
  |  Leg #  |    Start point     |      End point     | 
  |---------|--------------------|--------------------| 
  |     1   |  79.50 N  -19.90 E |  79.50 N   11.20 E |
  |        F| I = 1060, J = 1115 | I = 1107, J = 1126 |
  |      mod|  79.49 N  -19.77 E |  79.46 N   11.05 E |
  |         |      LAND          |     LAND           | 
  |---------|--------------------|--------------------| 
Section :  section_GrEst BAROTROPIC TRANSPORT at time   1 =    0.423 Sv.
