  mesh_zgr version is v3.6
  |---------|--------------------|--------------------| 
  |    Section :                     section_GrEst    |
  |---------|--------------------|--------------------| 
  |  Leg #  |    Start point     |      End point     | 
  |---------|--------------------|--------------------| 
  |     1   |  79.50 N  -19.90 E |  79.50 N   11.20 E |
  |        F| I = 1060, J = 1115 | I = 1107, J = 1126 |
  |      mod|  79.49 N  -19.77 E |  79.46 N   11.05 E |
  |         |      LAND          |     LAND           | 
  |---------|--------------------|--------------------| 
Section :  section_GrEst BAROTROPIC TRANSPORT at time   1 =    1.617 Sv.
  mesh_zgr version is v3.6
  |---------|--------------------|--------------------| 
  |    Section :                     section_GrEst    |
  |---------|--------------------|--------------------| 
  |  Leg #  |    Start point     |      End point     | 
  |---------|--------------------|--------------------| 
  |     1   |  79.50 N  -19.90 E |  79.50 N   11.20 E |
  |        F| I = 1060, J = 1115 | I = 1107, J = 1126 |
  |      mod|  79.49 N  -19.77 E |  79.46 N   11.05 E |
  |         |      LAND          |     LAND           | 
  |---------|--------------------|--------------------| 
Section :  section_GrEst BAROTROPIC TRANSPORT at time   1 =    1.411 Sv.
  mesh_zgr version is v3.6
  |---------|--------------------|--------------------| 
  |    Section :                     section_GrEst    |
  |---------|--------------------|--------------------| 
  |  Leg #  |    Start point     |      End point     | 
  |---------|--------------------|--------------------| 
  |     1   |  79.50 N  -19.90 E |  79.50 N   11.20 E |
  |        F| I = 1060, J = 1115 | I = 1107, J = 1126 |
  |      mod|  79.49 N  -19.77 E |  79.46 N   11.05 E |
  |         |      LAND          |     LAND           | 
  |---------|--------------------|--------------------| 
Section :  section_GrEst BAROTROPIC TRANSPORT at time   1 =    1.648 Sv.
  mesh_zgr version is v3.6
  |---------|--------------------|--------------------| 
  |    Section :                     section_GrEst    |
  |---------|--------------------|--------------------| 
  |  Leg #  |    Start point     |      End point     | 
  |---------|--------------------|--------------------| 
  |     1   |  79.50 N  -19.90 E |  79.50 N   11.20 E |
  |        F| I = 1060, J = 1115 | I = 1107, J = 1126 |
  |      mod|  79.49 N  -19.77 E |  79.46 N   11.05 E |
  |         |      LAND          |     LAND           | 
  |---------|--------------------|--------------------| 
Section :  section_GrEst BAROTROPIC TRANSPORT at time   1 =    1.148 Sv.
  mesh_zgr version is v3.6
  |---------|--------------------|--------------------| 
  |    Section :                     section_GrEst    |
  |---------|--------------------|--------------------| 
  |  Leg #  |    Start point     |      End point     | 
  |---------|--------------------|--------------------| 
  |     1   |  79.50 N  -19.90 E |  79.50 N   11.20 E |
  |        F| I = 1060, J = 1115 | I = 1107, J = 1126 |
  |      mod|  79.49 N  -19.77 E |  79.46 N   11.05 E |
  |         |      LAND          |     LAND           | 
  |---------|--------------------|--------------------| 
Section :  section_GrEst BAROTROPIC TRANSPORT at time   1 =    0.502 Sv.
  mesh_zgr version is v3.6
  |---------|--------------------|--------------------| 
  |    Section :                     section_GrEst    |
  |---------|--------------------|--------------------| 
  |  Leg #  |    Start point     |      End point     | 
  |---------|--------------------|--------------------| 
  |     1   |  79.50 N  -19.90 E |  79.50 N   11.20 E |
  |        F| I = 1060, J = 1115 | I = 1107, J = 1126 |
  |      mod|  79.49 N  -19.77 E |  79.46 N   11.05 E |
  |         |      LAND          |     LAND           | 
  |---------|--------------------|--------------------| 
Section :  section_GrEst BAROTROPIC TRANSPORT at time   1 =    1.112 Sv.
  mesh_zgr version is v3.6
  |---------|--------------------|--------------------| 
  |    Section :                     section_GrEst    |
  |---------|--------------------|--------------------| 
  |  Leg #  |    Start point     |      End point     | 
  |---------|--------------------|--------------------| 
  |     1   |  79.50 N  -19.90 E |  79.50 N   11.20 E |
  |        F| I = 1060, J = 1115 | I = 1107, J = 1126 |
  |      mod|  79.49 N  -19.77 E |  79.46 N   11.05 E |
  |         |      LAND          |     LAND           | 
  |---------|--------------------|--------------------| 
Section :  section_GrEst BAROTROPIC TRANSPORT at time   1 =    0.983 Sv.
  mesh_zgr version is v3.6
  |---------|--------------------|--------------------| 
  |    Section :                     section_GrEst    |
  |---------|--------------------|--------------------| 
  |  Leg #  |    Start point     |      End point     | 
  |---------|--------------------|--------------------| 
  |     1   |  79.50 N  -19.90 E |  79.50 N   11.20 E |
  |        F| I = 1060, J = 1115 | I = 1107, J = 1126 |
  |      mod|  79.49 N  -19.77 E |  79.46 N   11.05 E |
  |         |      LAND          |     LAND           | 
  |---------|--------------------|--------------------| 
Section :  section_GrEst BAROTROPIC TRANSPORT at time   1 =    0.504 Sv.
  mesh_zgr version is v3.6
  |---------|--------------------|--------------------| 
  |    Section :                     section_GrEst    |
  |---------|--------------------|--------------------| 
  |  Leg #  |    Start point     |      End point     | 
  |---------|--------------------|--------------------| 
  |     1   |  79.50 N  -19.90 E |  79.50 N   11.20 E |
  |        F| I = 1060, J = 1115 | I = 1107, J = 1126 |
  |      mod|  79.49 N  -19.77 E |  79.46 N   11.05 E |
  |         |      LAND          |     LAND           | 
  |---------|--------------------|--------------------| 
Section :  section_GrEst BAROTROPIC TRANSPORT at time   1 =    0.957 Sv.
  mesh_zgr version is v3.6
  |---------|--------------------|--------------------| 
  |    Section :                     section_GrEst    |
  |---------|--------------------|--------------------| 
  |  Leg #  |    Start point     |      End point     | 
  |---------|--------------------|--------------------| 
  |     1   |  79.50 N  -19.90 E |  79.50 N   11.20 E |
  |        F| I = 1060, J = 1115 | I = 1107, J = 1126 |
  |      mod|  79.49 N  -19.77 E |  79.46 N   11.05 E |
  |         |      LAND          |     LAND           | 
  |---------|--------------------|--------------------| 
Section :  section_GrEst BAROTROPIC TRANSPORT at time   1 =    0.852 Sv.
  mesh_zgr version is v3.6
  |---------|--------------------|--------------------| 
  |    Section :                     section_GrEst    |
  |---------|--------------------|--------------------| 
  |  Leg #  |    Start point     |      End point     | 
  |---------|--------------------|--------------------| 
  |     1   |  79.50 N  -19.90 E |  79.50 N   11.20 E |
  |        F| I = 1060, J = 1115 | I = 1107, J = 1126 |
  |      mod|  79.49 N  -19.77 E |  79.46 N   11.05 E |
  |         |      LAND          |     LAND           | 
  |---------|--------------------|--------------------| 
Section :  section_GrEst BAROTROPIC TRANSPORT at time   1 =    1.177 Sv.
  mesh_zgr version is v3.6
  |---------|--------------------|--------------------| 
  |    Section :                     section_GrEst    |
  |---------|--------------------|--------------------| 
  |  Leg #  |    Start point     |      End point     | 
  |---------|--------------------|--------------------| 
  |     1   |  79.50 N  -19.90 E |  79.50 N   11.20 E |
  |        F| I = 1060, J = 1115 | I = 1107, J = 1126 |
  |      mod|  79.49 N  -19.77 E |  79.46 N   11.05 E |
  |         |      LAND          |     LAND           | 
  |---------|--------------------|--------------------| 
Section :  section_GrEst BAROTROPIC TRANSPORT at time   1 =    1.031 Sv.
  mesh_zgr version is v3.6
  |---------|--------------------|--------------------| 
  |    Section :                     section_GrEst    |
  |---------|--------------------|--------------------| 
  |  Leg #  |    Start point     |      End point     | 
  |---------|--------------------|--------------------| 
  |     1   |  79.50 N  -19.90 E |  79.50 N   11.20 E |
  |        F| I = 1060, J = 1115 | I = 1107, J = 1126 |
  |      mod|  79.49 N  -19.77 E |  79.46 N   11.05 E |
  |         |      LAND          |     LAND           | 
  |---------|--------------------|--------------------| 
Section :  section_GrEst BAROTROPIC TRANSPORT at time   1 =    0.940 Sv.
  mesh_zgr version is v3.6
  |---------|--------------------|--------------------| 
  |    Section :                     section_GrEst    |
  |---------|--------------------|--------------------| 
  |  Leg #  |    Start point     |      End point     | 
  |---------|--------------------|--------------------| 
  |     1   |  79.50 N  -19.90 E |  79.50 N   11.20 E |
  |        F| I = 1060, J = 1115 | I = 1107, J = 1126 |
  |      mod|  79.49 N  -19.77 E |  79.46 N   11.05 E |
  |         |      LAND          |     LAND           | 
  |---------|--------------------|--------------------| 
Section :  section_GrEst BAROTROPIC TRANSPORT at time   1 =    0.547 Sv.
  mesh_zgr version is v3.6
  |---------|--------------------|--------------------| 
  |    Section :                     section_GrEst    |
  |---------|--------------------|--------------------| 
  |  Leg #  |    Start point     |      End point     | 
  |---------|--------------------|--------------------| 
  |     1   |  79.50 N  -19.90 E |  79.50 N   11.20 E |
  |        F| I = 1060, J = 1115 | I = 1107, J = 1126 |
  |      mod|  79.49 N  -19.77 E |  79.46 N   11.05 E |
  |         |      LAND          |     LAND           | 
  |---------|--------------------|--------------------| 
Section :  section_GrEst BAROTROPIC TRANSPORT at time   1 =    0.445 Sv.
  mesh_zgr version is v3.6
  |---------|--------------------|--------------------| 
  |    Section :                     section_GrEst    |
  |---------|--------------------|--------------------| 
  |  Leg #  |    Start point     |      End point     | 
  |---------|--------------------|--------------------| 
  |     1   |  79.50 N  -19.90 E |  79.50 N   11.20 E |
  |        F| I = 1060, J = 1115 | I = 1107, J = 1126 |
  |      mod|  79.49 N  -19.77 E |  79.46 N   11.05 E |
  |         |      LAND          |     LAND           | 
  |---------|--------------------|--------------------| 
Section :  section_GrEst BAROTROPIC TRANSPORT at time   1 =    0.870 Sv.
  mesh_zgr version is v3.6
  |---------|--------------------|--------------------| 
  |    Section :                     section_GrEst    |
  |---------|--------------------|--------------------| 
  |  Leg #  |    Start point     |      End point     | 
  |---------|--------------------|--------------------| 
  |     1   |  79.50 N  -19.90 E |  79.50 N   11.20 E |
  |        F| I = 1060, J = 1115 | I = 1107, J = 1126 |
  |      mod|  79.49 N  -19.77 E |  79.46 N   11.05 E |
  |         |      LAND          |     LAND           | 
  |---------|--------------------|--------------------| 
Section :  section_GrEst BAROTROPIC TRANSPORT at time   1 =    1.048 Sv.
  mesh_zgr version is v3.6
  |---------|--------------------|--------------------| 
  |    Section :                     section_GrEst    |
  |---------|--------------------|--------------------| 
  |  Leg #  |    Start point     |      End point     | 
  |---------|--------------------|--------------------| 
  |     1   |  79.50 N  -19.90 E |  79.50 N   11.20 E |
  |        F| I = 1060, J = 1115 | I = 1107, J = 1126 |
  |      mod|  79.49 N  -19.77 E |  79.46 N   11.05 E |
  |         |      LAND          |     LAND           | 
  |---------|--------------------|--------------------| 
Section :  section_GrEst BAROTROPIC TRANSPORT at time   1 =    1.091 Sv.
  mesh_zgr version is v3.6
  |---------|--------------------|--------------------| 
  |    Section :                     section_GrEst    |
  |---------|--------------------|--------------------| 
  |  Leg #  |    Start point     |      End point     | 
  |---------|--------------------|--------------------| 
  |     1   |  79.50 N  -19.90 E |  79.50 N   11.20 E |
  |        F| I = 1060, J = 1115 | I = 1107, J = 1126 |
  |      mod|  79.49 N  -19.77 E |  79.46 N   11.05 E |
  |         |      LAND          |     LAND           | 
  |---------|--------------------|--------------------| 
Section :  section_GrEst BAROTROPIC TRANSPORT at time   1 =    1.265 Sv.
  mesh_zgr version is v3.6
  |---------|--------------------|--------------------| 
  |    Section :                     section_GrEst    |
  |---------|--------------------|--------------------| 
  |  Leg #  |    Start point     |      End point     | 
  |---------|--------------------|--------------------| 
  |     1   |  79.50 N  -19.90 E |  79.50 N   11.20 E |
  |        F| I = 1060, J = 1115 | I = 1107, J = 1126 |
  |      mod|  79.49 N  -19.77 E |  79.46 N   11.05 E |
  |         |      LAND          |     LAND           | 
  |---------|--------------------|--------------------| 
Section :  section_GrEst BAROTROPIC TRANSPORT at time   1 =    1.602 Sv.
  mesh_zgr version is v3.6
  |---------|--------------------|--------------------| 
  |    Section :                     section_GrEst    |
  |---------|--------------------|--------------------| 
  |  Leg #  |    Start point     |      End point     | 
  |---------|--------------------|--------------------| 
  |     1   |  79.50 N  -19.90 E |  79.50 N   11.20 E |
  |        F| I = 1060, J = 1115 | I = 1107, J = 1126 |
  |      mod|  79.49 N  -19.77 E |  79.46 N   11.05 E |
  |         |      LAND          |     LAND           | 
  |---------|--------------------|--------------------| 
Section :  section_GrEst BAROTROPIC TRANSPORT at time   1 =    1.271 Sv.
  mesh_zgr version is v3.6
  |---------|--------------------|--------------------| 
  |    Section :                     section_GrEst    |
  |---------|--------------------|--------------------| 
  |  Leg #  |    Start point     |      End point     | 
  |---------|--------------------|--------------------| 
  |     1   |  79.50 N  -19.90 E |  79.50 N   11.20 E |
  |        F| I = 1060, J = 1115 | I = 1107, J = 1126 |
  |      mod|  79.49 N  -19.77 E |  79.46 N   11.05 E |
  |         |      LAND          |     LAND           | 
  |---------|--------------------|--------------------| 
Section :  section_GrEst BAROTROPIC TRANSPORT at time   1 =    1.004 Sv.
  mesh_zgr version is v3.6
  |---------|--------------------|--------------------| 
  |    Section :                     section_GrEst    |
  |---------|--------------------|--------------------| 
  |  Leg #  |    Start point     |      End point     | 
  |---------|--------------------|--------------------| 
  |     1   |  79.50 N  -19.90 E |  79.50 N   11.20 E |
  |        F| I = 1060, J = 1115 | I = 1107, J = 1126 |
  |      mod|  79.49 N  -19.77 E |  79.46 N   11.05 E |
  |         |      LAND          |     LAND           | 
  |---------|--------------------|--------------------| 
Section :  section_GrEst BAROTROPIC TRANSPORT at time   1 =    0.732 Sv.
  mesh_zgr version is v3.6
  |---------|--------------------|--------------------| 
  |    Section :                     section_GrEst    |
  |---------|--------------------|--------------------| 
  |  Leg #  |    Start point     |      End point     | 
  |---------|--------------------|--------------------| 
  |     1   |  79.50 N  -19.90 E |  79.50 N   11.20 E |
  |        F| I = 1060, J = 1115 | I = 1107, J = 1126 |
  |      mod|  79.49 N  -19.77 E |  79.46 N   11.05 E |
  |         |      LAND          |     LAND           | 
  |---------|--------------------|--------------------| 
Section :  section_GrEst BAROTROPIC TRANSPORT at time   1 =    1.242 Sv.
  mesh_zgr version is v3.6
  |---------|--------------------|--------------------| 
  |    Section :                     section_GrEst    |
  |---------|--------------------|--------------------| 
  |  Leg #  |    Start point     |      End point     | 
  |---------|--------------------|--------------------| 
  |     1   |  79.50 N  -19.90 E |  79.50 N   11.20 E |
  |        F| I = 1060, J = 1115 | I = 1107, J = 1126 |
  |      mod|  79.49 N  -19.77 E |  79.46 N   11.05 E |
  |         |      LAND          |     LAND           | 
  |---------|--------------------|--------------------| 
Section :  section_GrEst BAROTROPIC TRANSPORT at time   1 =    1.760 Sv.
  mesh_zgr version is v3.6
  |---------|--------------------|--------------------| 
  |    Section :                     section_GrEst    |
  |---------|--------------------|--------------------| 
  |  Leg #  |    Start point     |      End point     | 
  |---------|--------------------|--------------------| 
  |     1   |  79.50 N  -19.90 E |  79.50 N   11.20 E |
  |        F| I = 1060, J = 1115 | I = 1107, J = 1126 |
  |      mod|  79.49 N  -19.77 E |  79.46 N   11.05 E |
  |         |      LAND          |     LAND           | 
  |---------|--------------------|--------------------| 
Section :  section_GrEst BAROTROPIC TRANSPORT at time   1 =    1.684 Sv.
  mesh_zgr version is v3.6
  |---------|--------------------|--------------------| 
  |    Section :                     section_GrEst    |
  |---------|--------------------|--------------------| 
  |  Leg #  |    Start point     |      End point     | 
  |---------|--------------------|--------------------| 
  |     1   |  79.50 N  -19.90 E |  79.50 N   11.20 E |
  |        F| I = 1060, J = 1115 | I = 1107, J = 1126 |
  |      mod|  79.49 N  -19.77 E |  79.46 N   11.05 E |
  |         |      LAND          |     LAND           | 
  |---------|--------------------|--------------------| 
Section :  section_GrEst BAROTROPIC TRANSPORT at time   1 =    1.327 Sv.
  mesh_zgr version is v3.6
  |---------|--------------------|--------------------| 
  |    Section :                     section_GrEst    |
  |---------|--------------------|--------------------| 
  |  Leg #  |    Start point     |      End point     | 
  |---------|--------------------|--------------------| 
  |     1   |  79.50 N  -19.90 E |  79.50 N   11.20 E |
  |        F| I = 1060, J = 1115 | I = 1107, J = 1126 |
  |      mod|  79.49 N  -19.77 E |  79.46 N   11.05 E |
  |         |      LAND          |     LAND           | 
  |---------|--------------------|--------------------| 
Section :  section_GrEst BAROTROPIC TRANSPORT at time   1 =    1.765 Sv.
  mesh_zgr version is v3.6
  |---------|--------------------|--------------------| 
  |    Section :                     section_GrEst    |
  |---------|--------------------|--------------------| 
  |  Leg #  |    Start point     |      End point     | 
  |---------|--------------------|--------------------| 
  |     1   |  79.50 N  -19.90 E |  79.50 N   11.20 E |
  |        F| I = 1060, J = 1115 | I = 1107, J = 1126 |
  |      mod|  79.49 N  -19.77 E |  79.46 N   11.05 E |
  |         |      LAND          |     LAND           | 
  |---------|--------------------|--------------------| 
Section :  section_GrEst BAROTROPIC TRANSPORT at time   1 =    0.845 Sv.
  mesh_zgr version is v3.6
  |---------|--------------------|--------------------| 
  |    Section :                     section_GrEst    |
  |---------|--------------------|--------------------| 
  |  Leg #  |    Start point     |      End point     | 
  |---------|--------------------|--------------------| 
  |     1   |  79.50 N  -19.90 E |  79.50 N   11.20 E |
  |        F| I = 1060, J = 1115 | I = 1107, J = 1126 |
  |      mod|  79.49 N  -19.77 E |  79.46 N   11.05 E |
  |         |      LAND          |     LAND           | 
  |---------|--------------------|--------------------| 
Section :  section_GrEst BAROTROPIC TRANSPORT at time   1 =    0.689 Sv.
  mesh_zgr version is v3.6
  |---------|--------------------|--------------------| 
  |    Section :                     section_GrEst    |
  |---------|--------------------|--------------------| 
  |  Leg #  |    Start point     |      End point     | 
  |---------|--------------------|--------------------| 
  |     1   |  79.50 N  -19.90 E |  79.50 N   11.20 E |
  |        F| I = 1060, J = 1115 | I = 1107, J = 1126 |
  |      mod|  79.49 N  -19.77 E |  79.46 N   11.05 E |
  |         |      LAND          |     LAND           | 
  |---------|--------------------|--------------------| 
Section :  section_GrEst BAROTROPIC TRANSPORT at time   1 =    1.031 Sv.
  mesh_zgr version is v3.6
  |---------|--------------------|--------------------| 
  |    Section :                     section_GrEst    |
  |---------|--------------------|--------------------| 
  |  Leg #  |    Start point     |      End point     | 
  |---------|--------------------|--------------------| 
  |     1   |  79.50 N  -19.90 E |  79.50 N   11.20 E |
  |        F| I = 1060, J = 1115 | I = 1107, J = 1126 |
  |      mod|  79.49 N  -19.77 E |  79.46 N   11.05 E |
  |         |      LAND          |     LAND           | 
  |---------|--------------------|--------------------| 
Section :  section_GrEst BAROTROPIC TRANSPORT at time   1 =    1.115 Sv.
  mesh_zgr version is v3.6
  |---------|--------------------|--------------------| 
  |    Section :                     section_GrEst    |
  |---------|--------------------|--------------------| 
  |  Leg #  |    Start point     |      End point     | 
  |---------|--------------------|--------------------| 
  |     1   |  79.50 N  -19.90 E |  79.50 N   11.20 E |
  |        F| I = 1060, J = 1115 | I = 1107, J = 1126 |
  |      mod|  79.49 N  -19.77 E |  79.46 N   11.05 E |
  |         |      LAND          |     LAND           | 
  |---------|--------------------|--------------------| 
Section :  section_GrEst BAROTROPIC TRANSPORT at time   1 =    0.314 Sv.
  mesh_zgr version is v3.6
  |---------|--------------------|--------------------| 
  |    Section :                     section_GrEst    |
  |---------|--------------------|--------------------| 
  |  Leg #  |    Start point     |      End point     | 
  |---------|--------------------|--------------------| 
  |     1   |  79.50 N  -19.90 E |  79.50 N   11.20 E |
  |        F| I = 1060, J = 1115 | I = 1107, J = 1126 |
  |      mod|  79.49 N  -19.77 E |  79.46 N   11.05 E |
  |         |      LAND          |     LAND           | 
  |---------|--------------------|--------------------| 
Section :  section_GrEst BAROTROPIC TRANSPORT at time   1 =    0.602 Sv.
  mesh_zgr version is v3.6
  |---------|--------------------|--------------------| 
  |    Section :                     section_GrEst    |
  |---------|--------------------|--------------------| 
  |  Leg #  |    Start point     |      End point     | 
  |---------|--------------------|--------------------| 
  |     1   |  79.50 N  -19.90 E |  79.50 N   11.20 E |
  |        F| I = 1060, J = 1115 | I = 1107, J = 1126 |
  |      mod|  79.49 N  -19.77 E |  79.46 N   11.05 E |
  |         |      LAND          |     LAND           | 
  |---------|--------------------|--------------------| 
Section :  section_GrEst BAROTROPIC TRANSPORT at time   1 =    0.252 Sv.
  mesh_zgr version is v3.6
  |---------|--------------------|--------------------| 
  |    Section :                     section_GrEst    |
  |---------|--------------------|--------------------| 
  |  Leg #  |    Start point     |      End point     | 
  |---------|--------------------|--------------------| 
  |     1   |  79.50 N  -19.90 E |  79.50 N   11.20 E |
  |        F| I = 1060, J = 1115 | I = 1107, J = 1126 |
  |      mod|  79.49 N  -19.77 E |  79.46 N   11.05 E |
  |         |      LAND          |     LAND           | 
  |---------|--------------------|--------------------| 
Section :  section_GrEst BAROTROPIC TRANSPORT at time   1 =    0.332 Sv.
  mesh_zgr version is v3.6
  |---------|--------------------|--------------------| 
  |    Section :                     section_GrEst    |
  |---------|--------------------|--------------------| 
  |  Leg #  |    Start point     |      End point     | 
  |---------|--------------------|--------------------| 
  |     1   |  79.50 N  -19.90 E |  79.50 N   11.20 E |
  |        F| I = 1060, J = 1115 | I = 1107, J = 1126 |
  |      mod|  79.49 N  -19.77 E |  79.46 N   11.05 E |
  |         |      LAND          |     LAND           | 
  |---------|--------------------|--------------------| 
Section :  section_GrEst BAROTROPIC TRANSPORT at time   1 =   -0.157 Sv.
  mesh_zgr version is v3.6
  |---------|--------------------|--------------------| 
  |    Section :                     section_GrEst    |
  |---------|--------------------|--------------------| 
  |  Leg #  |    Start point     |      End point     | 
  |---------|--------------------|--------------------| 
  |     1   |  79.50 N  -19.90 E |  79.50 N   11.20 E |
  |        F| I = 1060, J = 1115 | I = 1107, J = 1126 |
  |      mod|  79.49 N  -19.77 E |  79.46 N   11.05 E |
  |         |      LAND          |     LAND           | 
  |---------|--------------------|--------------------| 
Section :  section_GrEst BAROTROPIC TRANSPORT at time   1 =   -0.070 Sv.
  mesh_zgr version is v3.6
  |---------|--------------------|--------------------| 
  |    Section :                     section_GrEst    |
  |---------|--------------------|--------------------| 
  |  Leg #  |    Start point     |      End point     | 
  |---------|--------------------|--------------------| 
  |     1   |  79.50 N  -19.90 E |  79.50 N   11.20 E |
  |        F| I = 1060, J = 1115 | I = 1107, J = 1126 |
  |      mod|  79.49 N  -19.77 E |  79.46 N   11.05 E |
  |         |      LAND          |     LAND           | 
  |---------|--------------------|--------------------| 
Section :  section_GrEst BAROTROPIC TRANSPORT at time   1 =    0.489 Sv.
